<?xml version="1.0" encoding="UTF-8" standalone="yes"?><!DOCTYPE report PUBLIC "-//JACOCO//DTD Report 1.1//EN" "report.dtd"><report name="TourGuide"><sessioninfo id="DESKTOP-TFVN31C-63bb09b" start="1638722095854" dump="1638722096968"/><sessioninfo id="DESKTOP-TFVN31C-cce4812b" start="1638722105843" dump="1638722107391"/><sessioninfo id="DESKTOP-TFVN31C-7900776c" start="1638722119482" dump="1638722120982"/><sessioninfo id="DESKTOP-TFVN31C-d90dc04a" start="1638722130671" dump="1638722134627"/><sessioninfo id="DESKTOP-TFVN31C-d41f19f1" start="1638724206322" dump="1638724208655"/><sessioninfo id="DESKTOP-TFVN31C-4d475dfc" start="1638724224818" dump="1638724231120"/><sessioninfo id="DESKTOP-TFVN31C-9d488188" start="1638724244173" dump="1638724245662"/><sessioninfo id="DESKTOP-TFVN31C-b91b4821" start="1638724296136" dump="1638724297355"/><sessioninfo id="DESKTOP-TFVN31C-8ffac868" start="1638724361166" dump="1638724362492"/><sessioninfo id="DESKTOP-TFVN31C-ff3dcbc8" start="1638724720283" dump="1638724723800"/><sessioninfo id="DESKTOP-TFVN31C-2e0aed52" start="1638724881578" dump="1638724884835"/><sessioninfo id="DESKTOP-TFVN31C-b4ecc133" start="1638726631360" dump="1638726632560"/><sessioninfo id="DESKTOP-TFVN31C-9389bf20" start="1638726966153" dump="1638726967446"/><sessioninfo id="DESKTOP-TFVN31C-49c27063" start="1638726994504" dump="1638726995689"/><sessioninfo id="DESKTOP-TFVN31C-a0c8f4f3" start="1638727203217" dump="1638727204367"/><sessioninfo id="DESKTOP-TFVN31C-376d72eb" start="1638767871146" dump="1638767872111"/><sessioninfo id="DESKTOP-TFVN31C-d9271a72" start="1638767897340" dump="1638767898214"/><sessioninfo id="DESKTOP-TFVN31C-68f788dc" start="1638767937927" dump="1638767942630"/><sessioninfo id="DESKTOP-TFVN31C-a1af8d6a" start="1638767973018" dump="1638767973939"/><sessioninfo id="DESKTOP-TFVN31C-d4cd04cb" start="1638768147012" dump="1638768148605"/><sessioninfo id="DESKTOP-TFVN31C-ae7efc00" start="1638768199458" dump="1638768203814"/><sessioninfo id="DESKTOP-TFVN31C-5e76cdf6" start="1638768680401" dump="1638768681745"/><sessioninfo id="DESKTOP-TFVN31C-8174f5de" start="1638768775194" dump="1638768776590"/><sessioninfo id="DESKTOP-TFVN31C-47d65b2e" start="1638768787569" dump="1638768789057"/><sessioninfo id="DESKTOP-TFVN31C-2af8e3bd" start="1638768815487" dump="1638768816875"/><sessioninfo id="DESKTOP-TFVN31C-7ceeddf0" start="1638768885278" dump="1638768886147"/><sessioninfo id="DESKTOP-TFVN31C-a943bf9b" start="1638769009652" dump="1638769011016"/><sessioninfo id="DESKTOP-TFVN31C-2198ea0d" start="1638769038663" dump="1638769040108"/><sessioninfo id="DESKTOP-TFVN31C-b4b94c36" start="1638769653731" dump="1638769655296"/><sessioninfo id="DESKTOP-TFVN31C-f5c0a4c6" start="1638769691247" dump="1638769692705"/><sessioninfo id="DESKTOP-TFVN31C-35a7694b" start="1638769710034" dump="1638769714889"/><sessioninfo id="DESKTOP-TFVN31C-9e90e6f7" start="1638769821415" dump="1638769822671"/><sessioninfo id="DESKTOP-TFVN31C-75e7eb9b" start="1638769854052" dump="1638769855306"/><sessioninfo id="DESKTOP-TFVN31C-1c2d246b" start="1638770034991" dump="1638770036149"/><sessioninfo id="DESKTOP-TFVN31C-c0e5375b" start="1638770132257" dump="1638770133649"/><sessioninfo id="DESKTOP-TFVN31C-93211d65" start="1638770177615" dump="1638770179000"/><sessioninfo id="DESKTOP-TFVN31C-61558e9f" start="1638770189696" dump="1638770192845"/><sessioninfo id="DESKTOP-TFVN31C-c30818be" start="1638770466532" dump="1638770467453"/><sessioninfo id="DESKTOP-TFVN31C-72aaed6c" start="1638770517939" dump="1638770518910"/><sessioninfo id="DESKTOP-TFVN31C-a44e84f5" start="1638770618783" dump="1638770627438"/><sessioninfo id="DESKTOP-TFVN31C-7441b6a" start="1638770675736" dump="1638770683455"/><sessioninfo id="DESKTOP-TFVN31C-56954e89" start="1638770713787" dump="1638770722137"/><sessioninfo id="DESKTOP-TFVN31C-2cad30f5" start="1638770749303" dump="1638770757854"/><sessioninfo id="DESKTOP-TFVN31C-20aff0d2" start="1638770854760" dump="1638770871202"/><sessioninfo id="DESKTOP-TFVN31C-99139c43" start="1638770891992" dump="1638770906862"/><sessioninfo id="DESKTOP-TFVN31C-c0126217" start="1638770919535" dump="1638770934636"/><sessioninfo id="DESKTOP-TFVN31C-f434a6a1" start="1638770975643" dump="1638770990626"/><sessioninfo id="DESKTOP-TFVN31C-fadda0a6" start="1638771041835" dump="1638771056970"/><sessioninfo id="DESKTOP-TFVN31C-884784fa" start="1638771167879" dump="1638771192687"/><sessioninfo id="DESKTOP-TFVN31C-929b871e" start="1638771254191" dump="1638771330668"/><sessioninfo id="DESKTOP-TFVN31C-66902583" start="1638771413733" dump="1638772189275"/><sessioninfo id="DESKTOP-TFVN31C-f31902ab" start="1638772225977" dump="1638772263110"/><sessioninfo id="DESKTOP-TFVN31C-efe7ae65" start="1638772300292" dump="1638772336008"/><sessioninfo id="DESKTOP-TFVN31C-be50af5" start="1638772405688" dump="1638772444323"/><sessioninfo id="DESKTOP-TFVN31C-4d6eead2" start="1638772465694" dump="1638772502929"/><sessioninfo id="DESKTOP-TFVN31C-35539f34" start="1638772696845" dump="1638772727155"/><sessioninfo id="DESKTOP-TFVN31C-d56c7cda" start="1638772746980" dump="1638772798147"/><sessioninfo id="DESKTOP-TFVN31C-71b6f471" start="1638772885130" dump="1638773592252"/><sessioninfo id="DESKTOP-TFVN31C-47b442f9" start="1638773754406" dump="1638773764664"/><sessioninfo id="DESKTOP-TFVN31C-b0958a5a" start="1638773785741" dump="1638773814075"/><sessioninfo id="DESKTOP-TFVN31C-9a24c1ee" start="1638775384555" dump="1638775397835"/><sessioninfo id="DESKTOP-TFVN31C-ada0e64" start="1638775416887" dump="1638775430197"/><sessioninfo id="DESKTOP-TFVN31C-4a17f6a" start="1638775499875" dump="1638775542922"/><sessioninfo id="DESKTOP-TFVN31C-200016e4" start="1638775566975" dump="1638775608338"/><sessioninfo id="DESKTOP-TFVN31C-e815b09a" start="1638776892249" dump="1638776925038"/><sessioninfo id="DESKTOP-TFVN31C-396c0e14" start="1638776944954" dump="1638776958124"/><sessioninfo id="DESKTOP-TFVN31C-6390894f" start="1638776999828" dump="1638777012873"/><sessioninfo id="DESKTOP-TFVN31C-7fb30cf0" start="1638777053710" dump="1638777069160"/><sessioninfo id="DESKTOP-TFVN31C-68e33d22" start="1638777088520" dump="1638777124882"/><sessioninfo id="DESKTOP-TFVN31C-6e463146" start="1638777170468" dump="1638777204322"/><sessioninfo id="DESKTOP-TFVN31C-634880c5" start="1638777249593" dump="1638777263118"/><sessioninfo id="DESKTOP-TFVN31C-aa029895" start="1638778535570" dump="1638778550271"/><sessioninfo id="DESKTOP-TFVN31C-edbd1ddc" start="1638778588001" dump="1638778599088"/><sessioninfo id="DESKTOP-TFVN31C-af2350ab" start="1638778677956" dump="1638778707147"/><sessioninfo id="DESKTOP-TFVN31C-a24d39ef" start="1638778838765" dump="1638779043450"/><sessioninfo id="DESKTOP-TFVN31C-560247da" start="1638780944910" dump="1638780955572"/><sessioninfo id="DESKTOP-TFVN31C-921bca33" start="1638780976511" dump="1638780986526"/><sessioninfo id="DESKTOP-TFVN31C-ee137417" start="1638781017037" dump="1638781032349"/><sessioninfo id="DESKTOP-TFVN31C-6b5a0902" start="1638781055470" dump="1638781106785"/><sessioninfo id="DESKTOP-TFVN31C-43cd86dd" start="1638781150575" dump="1638782026058"/><sessioninfo id="DESKTOP-TFVN31C-c53c5ca3" start="1638787064636" dump="1638787075542"/><sessioninfo id="DESKTOP-TFVN31C-6932aa57" start="1638787425781" dump="1638787434507"/><sessioninfo id="DESKTOP-TFVN31C-62bdd6a7" start="1638787566065" dump="1638787574879"/><sessioninfo id="DESKTOP-TFVN31C-10219f1d" start="1638787606543" dump="1638787615589"/><sessioninfo id="DESKTOP-TFVN31C-2b5b7599" start="1638787644531" dump="1638787654118"/><sessioninfo id="DESKTOP-TFVN31C-293022d" start="1638787692353" dump="1638787701188"/><sessioninfo id="DESKTOP-TFVN31C-e53c0552" start="1638787744833" dump="1638787755011"/><sessioninfo id="DESKTOP-TFVN31C-76177c2d" start="1638787784983" dump="1638787795673"/><sessioninfo id="DESKTOP-TFVN31C-dc4eb4bb" start="1638787835361" dump="1638787845087"/><sessioninfo id="DESKTOP-TFVN31C-2bd76ef5" start="1638788091749" dump="1638788122533"/><sessioninfo id="DESKTOP-TFVN31C-494c5a20" start="1638788162404" dump="1638788203096"/><sessioninfo id="DESKTOP-TFVN31C-a7cecf9f" start="1638791181520" dump="1638791202550"/><sessioninfo id="DESKTOP-TFVN31C-47211e2d" start="1638792060579" dump="1638792080696"/><sessioninfo id="DESKTOP-TFVN31C-f7b16cd2" start="1638792221377" dump="1638792242524"/><sessioninfo id="DESKTOP-TFVN31C-434e60f" start="1638792554904" dump="1638792576440"/><sessioninfo id="DESKTOP-TFVN31C-afe981e5" start="1638792622848" dump="1638792675614"/><sessioninfo id="DESKTOP-TFVN31C-2285081c" start="1638792690583" dump="1638792732280"/><sessioninfo id="DESKTOP-TFVN31C-9dccf426" start="1638792757309" dump="1638792779424"/><sessioninfo id="DESKTOP-TFVN31C-693822f8" start="1638792877265" dump="1638793137890"/><sessioninfo id="DESKTOP-TFVN31C-6a837da0" start="1638793329205" dump="1638793370643"/><sessioninfo id="DESKTOP-TFVN31C-59d92ba7" start="1638793499003" dump="1638793540178"/><sessioninfo id="DESKTOP-TFVN31C-6fe2297a" start="1638793626142" dump="1638793645468"/><sessioninfo id="DESKTOP-TFVN31C-29e3942b" start="1638794043249" dump="1638794071363"/><sessioninfo id="DESKTOP-TFVN31C-bfe9a2fe" start="1638794089553" dump="1638794117550"/><sessioninfo id="DESKTOP-TFVN31C-2e80eab0" start="1638794169327" dump="1638794189816"/><sessioninfo id="DESKTOP-TFVN31C-71179380" start="1638794212302" dump="1638794586412"/><sessioninfo id="DESKTOP-TFVN31C-95506fe8" start="1638795000286" dump="1638795353302"/><sessioninfo id="DESKTOP-TFVN31C-9383ca8b" start="1638795505184" dump="1638795516500"/><sessioninfo id="DESKTOP-TFVN31C-901c084b" start="1638795529470" dump="1638795561196"/><sessioninfo id="DESKTOP-TFVN31C-6273926e" start="1638867370396" dump="1638867391652"/><sessioninfo id="DESKTOP-TFVN31C-ac93f86a" start="1638867429385" dump="1638867492680"/><sessioninfo id="DESKTOP-TFVN31C-2a3f9c46" start="1638867548281" dump="1638867558668"/><sessioninfo id="DESKTOP-TFVN31C-287d13eb" start="1638867614382" dump="1638867624666"/><sessioninfo id="DESKTOP-TFVN31C-d6ba3f3b" start="1638867710103" dump="1638867718707"/><sessioninfo id="DESKTOP-TFVN31C-f871b857" start="1638867770880" dump="1638867784172"/><sessioninfo id="DESKTOP-TFVN31C-49d7bfef" start="1638867843789" dump="1638867855138"/><sessioninfo id="DESKTOP-TFVN31C-da907cf9" start="1638867870836" dump="1638867898806"/><sessioninfo id="DESKTOP-TFVN31C-7e5c2b16" start="1638867955317" dump="1638867993763"/><sessioninfo id="DESKTOP-TFVN31C-42c5b4e3" start="1638875904649" dump="1638875917922"/><sessioninfo id="DESKTOP-TFVN31C-5efccd98" start="1638875950854" dump="1638875963784"/><sessioninfo id="DESKTOP-TFVN31C-c72d8c02" start="1638875983405" dump="1638876007238"/><sessioninfo id="DESKTOP-TFVN31C-84a5e1b2" start="1638876047798" dump="1638876058867"/><sessioninfo id="DESKTOP-TFVN31C-3c97c891" start="1638876106274" dump="1638876132825"/><sessioninfo id="DESKTOP-TFVN31C-95a2c6ca" start="1638876159146" dump="1638876188562"/><sessioninfo id="DESKTOP-TFVN31C-8c2d912f" start="1638876295951" dump="1638876321442"/><sessioninfo id="DESKTOP-TFVN31C-33de95db" start="1638876374967" dump="1638876383400"/><sessioninfo id="DESKTOP-TFVN31C-744f1e3a" start="1638876538114" dump="1638876546349"/><sessioninfo id="DESKTOP-TFVN31C-3d569a4" start="1638876712840" dump="1638876720660"/><sessioninfo id="DESKTOP-TFVN31C-d2895805" start="1638876786718" dump="1638876794951"/><sessioninfo id="DESKTOP-TFVN31C-9bbadadd" start="1638876968272" dump="1638876976572"/><sessioninfo id="DESKTOP-TFVN31C-7b3587a0" start="1638877105815" dump="1638877130320"/><sessioninfo id="DESKTOP-TFVN31C-a58b488" start="1638877152029" dump="1638877169663"/><sessioninfo id="DESKTOP-TFVN31C-56d1459f" start="1638877298733" dump="1638877307024"/><sessioninfo id="DESKTOP-TFVN31C-f0d9e007" start="1638877339595" dump="1638877348470"/><sessioninfo id="DESKTOP-TFVN31C-7518dbbf" start="1638877393664" dump="1638877401253"/><sessioninfo id="DESKTOP-TFVN31C-f5c3d5cd" start="1638883241891" dump="1638883251420"/><sessioninfo id="DESKTOP-TFVN31C-9fece43a" start="1638883264077" dump="1638883274062"/><sessioninfo id="DESKTOP-TFVN31C-c10615e0" start="1638883340783" dump="1638883354010"/><sessioninfo id="DESKTOP-TFVN31C-e1e64ec2" start="1638883368556" dump="1638883380454"/><sessioninfo id="DESKTOP-TFVN31C-f810de56" start="1638883394341" dump="1638883408877"/><sessioninfo id="DESKTOP-TFVN31C-d67a9516" start="1638884780305" dump="1638884805313"/><sessioninfo id="DESKTOP-TFVN31C-7e1987fe" start="1638884833119" dump="1638884865902"/><sessioninfo id="DESKTOP-TFVN31C-7563bda7" start="1638884903144" dump="1638884930516"/><sessioninfo id="DESKTOP-TFVN31C-927eb862" start="1638884955736" dump="1638884985987"/><sessioninfo id="DESKTOP-TFVN31C-d5cafbe5" start="1638885196674" dump="1638885207804"/><sessioninfo id="DESKTOP-TFVN31C-728a7a26" start="1638885330864" dump="1638885341960"/><sessioninfo id="DESKTOP-TFVN31C-32ba58fc" start="1638885371394" dump="1638885385441"/><sessioninfo id="DESKTOP-TFVN31C-ffd1450d" start="1638885417500" dump="1638885438570"/><sessioninfo id="DESKTOP-TFVN31C-97bc0a5d" start="1638885455001" dump="1638885481009"/><sessioninfo id="DESKTOP-TFVN31C-e6eff521" start="1638885502226" dump="1638885514483"/><sessioninfo id="DESKTOP-TFVN31C-162a8927" start="1638885534043" dump="1638885548951"/><sessioninfo id="DESKTOP-TFVN31C-f01dd14d" start="1638885612226" dump="1638885635545"/><sessioninfo id="DESKTOP-TFVN31C-569796d9" start="1638885659296" dump="1638885681503"/><sessioninfo id="DESKTOP-TFVN31C-2fbf3c17" start="1638885697414" dump="1638885715312"/><sessioninfo id="DESKTOP-TFVN31C-68c94d44" start="1638886060886" dump="1638886087088"/><sessioninfo id="DESKTOP-TFVN31C-41b8d17a" start="1638886725682" dump="1638886743976"/><sessioninfo id="DESKTOP-TFVN31C-b2e867e5" start="1638886780860" dump="1638886789438"/><sessioninfo id="DESKTOP-TFVN31C-2b1de6a" start="1638886803416" dump="1638886812337"/><sessioninfo id="DESKTOP-TFVN31C-7b71273f" start="1638886838012" dump="1638886846768"/><sessioninfo id="DESKTOP-TFVN31C-aaa7dc28" start="1638886894252" dump="1638886902884"/><sessioninfo id="DESKTOP-TFVN31C-43541bea" start="1638886953645" dump="1638886962912"/><sessioninfo id="DESKTOP-TFVN31C-7818e302" start="1638886977980" dump="1638886988760"/><sessioninfo id="DESKTOP-TFVN31C-8c13e9a0" start="1638887020132" dump="1638887030519"/><sessioninfo id="DESKTOP-TFVN31C-f74d68b3" start="1638888439920" dump="1638888459348"/><sessioninfo id="DESKTOP-TFVN31C-1340c1a" start="1638889508211" dump="1638889551876"/><sessioninfo id="DESKTOP-TFVN31C-dee8b4fb" start="1638889583056" dump="1638889607560"/><sessioninfo id="DESKTOP-TFVN31C-988be880" start="1638889614684" dump="1638889633528"/><sessioninfo id="DESKTOP-TFVN31C-ce8e1b4d" start="1638889648003" dump="1638889664529"/><sessioninfo id="DESKTOP-TFVN31C-e2e60975" start="1638889714310" dump="1638889715658"/><sessioninfo id="DESKTOP-TFVN31C-f0930570" start="1638889789483" dump="1638889804860"/><sessioninfo id="DESKTOP-TFVN31C-76301923" start="1638889964548" dump="1638890297906"/><sessioninfo id="DESKTOP-TFVN31C-ccfcbe1a" start="1638890848178" dump="1638890869308"/><sessioninfo id="DESKTOP-TFVN31C-8b2e89b2" start="1638891139115" dump="1638891151068"/><sessioninfo id="DESKTOP-TFVN31C-832ca103" start="1638891194619" dump="1638891213776"/><sessioninfo id="DESKTOP-TFVN31C-13af6e76" start="1638891240744" dump="1638891263293"/><sessioninfo id="DESKTOP-TFVN31C-2efadfbc" start="1638891300709" dump="1638891310903"/><sessioninfo id="DESKTOP-TFVN31C-d8fbfbd9" start="1638891315974" dump="1638891325866"/><sessioninfo id="DESKTOP-TFVN31C-b4b00cfc" start="1638891345477" dump="1638891355028"/><sessioninfo id="DESKTOP-TFVN31C-8a829d25" start="1638891388239" dump="1638891398838"/><sessioninfo id="DESKTOP-TFVN31C-f2f2e953" start="1638891459006" dump="1638891470087"/><sessioninfo id="DESKTOP-TFVN31C-67a1e4f4" start="1638891484051" dump="1638891501190"/><sessioninfo id="DESKTOP-TFVN31C-f2fc63ca" start="1638891518356" dump="1638891542086"/><sessioninfo id="DESKTOP-TFVN31C-48cbc4f6" start="1638891571433" dump="1638891632986"/><sessioninfo id="DESKTOP-TFVN31C-89fc676" start="1638891666050" dump="1638892043931"/><sessioninfo id="DESKTOP-TFVN31C-991d6bad" start="1638892131338" dump="1638892139910"/><sessioninfo id="DESKTOP-TFVN31C-8b7514c0" start="1638892165540" dump="1638892175074"/><sessioninfo id="DESKTOP-TFVN31C-879e6e26" start="1638892208998" dump="1638892219298"/><sessioninfo id="DESKTOP-TFVN31C-6f96fb4c" start="1638892255052" dump="1638892264557"/><sessioninfo id="DESKTOP-TFVN31C-d5d987b9" start="1638892322733" dump="1638892399340"/><sessioninfo id="DESKTOP-TFVN31C-e9afe771" start="1638892444136" dump="1638892452357"/><sessioninfo id="DESKTOP-TFVN31C-343d9057" start="1638892464710" dump="1638892473169"/><sessioninfo id="DESKTOP-TFVN31C-b0b4d0fc" start="1638892539521" dump="1638892549673"/><sessioninfo id="DESKTOP-TFVN31C-a3c8d54a" start="1638892687173" dump="1638892697243"/><sessioninfo id="DESKTOP-TFVN31C-4b90bf55" start="1638892709269" dump="1638892725753"/><sessioninfo id="DESKTOP-TFVN31C-2829b837" start="1638892747847" dump="1638892772612"/><sessioninfo id="DESKTOP-TFVN31C-6a0ab227" start="1638892800116" dump="1638892813826"/><sessioninfo id="DESKTOP-TFVN31C-b06f658f" start="1638892859724" dump="1638892893963"/><sessioninfo id="DESKTOP-TFVN31C-d12d7a75" start="1638892941088" dump="1638892963364"/><sessioninfo id="DESKTOP-TFVN31C-9fb2fa0" start="1638892995227" dump="1638893006232"/><sessioninfo id="DESKTOP-TFVN31C-7c7a9dd1" start="1638893023795" dump="1638893038330"/><sessioninfo id="DESKTOP-TFVN31C-a98b71bf" start="1638893060773" dump="1638893089102"/><sessioninfo id="DESKTOP-TFVN31C-d0522bfe" start="1638893126615" dump="1638893150079"/><sessioninfo id="DESKTOP-TFVN31C-74341e4e" start="1638893192995" dump="1638893212433"/><sessioninfo id="DESKTOP-TFVN31C-8951291a" start="1638893238723" dump="1638893286352"/><sessioninfo id="DESKTOP-TFVN31C-819bea3f" start="1638893338057" dump="1638893445783"/><sessioninfo id="DESKTOP-TFVN31C-40c4fa4" start="1638893479693" dump="1638893598609"/><sessioninfo id="DESKTOP-TFVN31C-a4c68021" start="1638893640848" dump="1638893650971"/><sessioninfo id="DESKTOP-TFVN31C-1f43afa1" start="1638893725668" dump="1638893886337"/><sessioninfo id="DESKTOP-TFVN31C-d51f41f5" start="1638895389612" dump="1638895406777"/><sessioninfo id="DESKTOP-TFVN31C-892e8319" start="1638895508571" dump="1638895522393"/><sessioninfo id="DESKTOP-TFVN31C-9871ca7d" start="1638895550319" dump="1638895615507"/><sessioninfo id="DESKTOP-TFVN31C-3da1a0cf" start="1638895676475" dump="1638895819723"/><sessioninfo id="DESKTOP-TFVN31C-6bd4ba11" start="1638895905999" dump="1638896039035"/><sessioninfo id="DESKTOP-TFVN31C-593a8eb8" start="1638896192009" dump="1638896374278"/><sessioninfo id="DESKTOP-TFVN31C-399927c7" start="1638896537460" dump="1638896549535"/><sessioninfo id="DESKTOP-TFVN31C-6c0a8d1f" start="1638896588117" dump="1638896602674"/><sessioninfo id="DESKTOP-TFVN31C-6d23cca2" start="1638896701144" dump="1638896801736"/><sessioninfo id="DESKTOP-TFVN31C-9a6ba4b" start="1638896876180" dump="1638896889296"/><sessioninfo id="DESKTOP-TFVN31C-b2371d6" start="1638979310834" dump="1638979312177"/><sessioninfo id="DESKTOP-TFVN31C-f211fa02" start="1638979348418" dump="1638979350134"/><sessioninfo id="DESKTOP-TFVN31C-27138a86" start="1638979377773" dump="1638979392287"/><sessioninfo id="DESKTOP-TFVN31C-96612f9d" start="1638979455974" dump="1638979468258"/><sessioninfo id="DESKTOP-TFVN31C-f43bd5de" start="1638979593631" dump="1638979594943"/><sessioninfo id="DESKTOP-TFVN31C-1b82937e" start="1638979913387" dump="1638979915194"/><sessioninfo id="DESKTOP-TFVN31C-1fa6e3d9" start="1638980110250" dump="1638980125098"/><sessioninfo id="DESKTOP-TFVN31C-3667b313" start="1638980154409" dump="1638980169147"/><sessioninfo id="DESKTOP-TFVN31C-f7f395c2" start="1638980218264" dump="1638980226710"/><sessioninfo id="DESKTOP-TFVN31C-ba4cbe95" start="1638980433491" dump="1638980443906"/><sessioninfo id="DESKTOP-TFVN31C-f0a7895" start="1638980503451" dump="1638980512948"/><sessioninfo id="DESKTOP-TFVN31C-40be2bb7" start="1638980539465" dump="1638980548835"/><sessioninfo id="DESKTOP-TFVN31C-14664fca" start="1638980637621" dump="1638980649927"/><sessioninfo id="DESKTOP-TFVN31C-66e50033" start="1638980664821" dump="1638980678791"/><sessioninfo id="DESKTOP-TFVN31C-cbe86ac9" start="1638980716457" dump="1638980729077"/><sessioninfo id="DESKTOP-TFVN31C-4b2cf620" start="1638980756439" dump="1638980765147"/><sessioninfo id="DESKTOP-TFVN31C-2eded994" start="1638980810479" dump="1638980822802"/><sessioninfo id="DESKTOP-TFVN31C-b64ee813" start="1638980953963" dump="1638980963023"/><sessioninfo id="DESKTOP-TFVN31C-6ac4c573" start="1638980973829" dump="1638980984352"/><sessioninfo id="DESKTOP-TFVN31C-5e55fc22" start="1638981057351" dump="1638981066639"/><sessioninfo id="DESKTOP-TFVN31C-9affabd" start="1638981095570" dump="1638981104238"/><sessioninfo id="DESKTOP-TFVN31C-6b3ce20a" start="1638981218511" dump="1638981220691"/><sessioninfo id="DESKTOP-TFVN31C-afd5b2c6" start="1638981248149" dump="1638981260512"/><sessioninfo id="DESKTOP-TFVN31C-b9ff8789" start="1638981329048" dump="1638981340149"/><sessioninfo id="DESKTOP-TFVN31C-6c7fab40" start="1638981392521" dump="1638981404777"/><sessioninfo id="DESKTOP-TFVN31C-1bdcb7da" start="1638981414969" dump="1638981435264"/><sessioninfo id="DESKTOP-TFVN31C-6e90be7d" start="1638981618514" dump="1638981628796"/><sessioninfo id="DESKTOP-TFVN31C-f4f98403" start="1638981652470" dump="1638981663478"/><sessioninfo id="DESKTOP-TFVN31C-a3805fb1" start="1638981776373" dump="1638981786221"/><sessioninfo id="DESKTOP-TFVN31C-445b5e8b" start="1638982024076" dump="1638982034752"/><sessioninfo id="DESKTOP-TFVN31C-e2c65c4" start="1638982043254" dump="1638982063286"/><sessioninfo id="DESKTOP-TFVN31C-2bf5397" start="1638982246205" dump="1638982256838"/><sessioninfo id="DESKTOP-TFVN31C-c2598fe9" start="1638982416766" dump="1638982426575"/><sessioninfo id="DESKTOP-TFVN31C-330cf751" start="1638982433919" dump="1638982451438"/><sessioninfo id="DESKTOP-TFVN31C-bef83987" start="1638982767758" dump="1638982777705"/><sessioninfo id="DESKTOP-TFVN31C-b00cf107" start="1638982854158" dump="1638982865388"/><sessioninfo id="DESKTOP-TFVN31C-1e97820b" start="1638983083762" dump="1638983094756"/><sessioninfo id="DESKTOP-TFVN31C-e3744b20" start="1638983165572" dump="1638983175416"/><sessioninfo id="DESKTOP-TFVN31C-ae1a11b3" start="1638983419461" dump="1638983429154"/><sessioninfo id="DESKTOP-TFVN31C-4a18c205" start="1638983471953" dump="1638983482089"/><sessioninfo id="DESKTOP-TFVN31C-bf1da3eb" start="1638985507226" dump="1638985521597"/><sessioninfo id="DESKTOP-TFVN31C-99ca6425" start="1638985591640" dump="1638985692358"/><sessioninfo id="DESKTOP-TFVN31C-fe453adf" start="1638986088911" dump="1638986198063"/><sessioninfo id="DESKTOP-TFVN31C-aab5ba33" start="1638986651151" dump="1638986694421"/><sessioninfo id="DESKTOP-TFVN31C-833383a0" start="1638986704364" dump="1638986719411"/><sessioninfo id="DESKTOP-TFVN31C-e5a1457c" start="1638987109949" dump="1638987124684"/><sessioninfo id="DESKTOP-TFVN31C-6ecca198" start="1638987262447" dump="1638987361951"/><sessioninfo id="DESKTOP-TFVN31C-5339c238" start="1638987495042" dump="1638987524863"/><sessioninfo id="DESKTOP-TFVN31C-2d176239" start="1638987545165" dump="1638987577173"/><sessioninfo id="DESKTOP-TFVN31C-ff808ecc" start="1638987629039" dump="1638987650792"/><sessioninfo id="DESKTOP-TFVN31C-bf36ff0a" start="1638987819883" dump="1638987835005"/><sessioninfo id="DESKTOP-TFVN31C-a7392374" start="1638988370253" dump="1638988385556"/><sessioninfo id="DESKTOP-TFVN31C-5fd2b2ed" start="1638988691344" dump="1638988712947"/><sessioninfo id="DESKTOP-TFVN31C-474f6498" start="1638989003427" dump="1638989024088"/><sessioninfo id="DESKTOP-TFVN31C-881f2a8f" start="1638989179564" dump="1638989201565"/><package name="tourGuide"><class name="tourGuide/Application" sourcefilename="Application.java"><method name="&lt;init&gt;" desc="()V" line="9"><counter type="INSTRUCTION" missed="0" covered="3"/><counter type="LINE" missed="0" covered="1"/><counter type="COMPLEXITY" missed="0" covered="1"/><counter type="METHOD" missed="0" covered="1"/></method><method name="main" desc="([Ljava/lang/String;)V" line="12"><counter type="INSTRUCTION" missed="5" covered="0"/><counter type="LINE" missed="2" covered="0"/><counter type="COMPLEXITY" missed="1" covered="0"/><counter type="METHOD" missed="1" covered="0"/></method><counter type="INSTRUCTION" missed="5" covered="3"/><counter type="LINE" missed="2" covered="1"/><counter type="COMPLEXITY" missed="1" covered="1"/><counter type="METHOD" missed="1" covered="1"/><counter type="CLASS" missed="0" covered="1"/></class><class name="tourGuide/TourGuideController" sourcefilename="TourGuideController.java"><method name="&lt;init&gt;" desc="()V" line="17"><counter type="INSTRUCTION" missed="0" covered="3"/><counter type="LINE" missed="0" covered="1"/><counter type="COMPLEXITY" missed="0" covered="1"/><counter type="METHOD" missed="0" covered="1"/></method><method name="index" desc="()Ljava/lang/String;" line="24"><counter type="INSTRUCTION" missed="2" covered="0"/><counter type="LINE" missed="1" covered="0"/><counter type="COMPLEXITY" missed="1" covered="0"/><counter type="METHOD" missed="1" covered="0"/></method><method name="getLocation" desc="(Ljava/lang/String;)Ljava/lang/String;" line="37"><counter type="INSTRUCTION" missed="11" covered="0"/><counter type="LINE" missed="2" covered="0"/><counter type="COMPLEXITY" missed="1" covered="0"/><counter type="METHOD" missed="1" covered="0"/></method><method name="getNearbyAttractions" desc="(Ljava/lang/String;)Ljava/lang/String;" line="56"><counter type="INSTRUCTION" missed="13" covered="0"/><counter type="LINE" missed="2" covered="0"/><counter type="COMPLEXITY" missed="1" covered="0"/><counter type="METHOD" missed="1" covered="0"/></method><method name="getRewards" desc="(Ljava/lang/String;)Ljava/lang/String;" line="72"><counter type="INSTRUCTION" missed="8" covered="0"/><counter type="LINE" missed="1" covered="0"/><counter type="COMPLEXITY" missed="1" covered="0"/><counter type="METHOD" missed="1" covered="0"/></method><method name="getAllCurrentLocations" desc="()Ljava/lang/String;" line="87"><counter type="INSTRUCTION" missed="3" covered="0"/><counter type="LINE" missed="1" covered="0"/><counter type="COMPLEXITY" missed="1" covered="0"/><counter type="METHOD" missed="1" covered="0"/></method><method name="getTripDeals" desc="(Ljava/lang/String;)Ljava/lang/String;" line="102"><counter type="INSTRUCTION" missed="10" covered="0"/><counter type="LINE" missed="2" covered="0"/><counter type="COMPLEXITY" missed="1" covered="0"/><counter type="METHOD" missed="1" covered="0"/></method><method name="getUser" desc="(Ljava/lang/String;)LtourGuide/model/user/User;" line="113"><counter type="INSTRUCTION" missed="5" covered="0"/><counter type="LINE" missed="1" covered="0"/><counter type="COMPLEXITY" missed="1" covered="0"/><counter type="METHOD" missed="1" covered="0"/></method><counter type="INSTRUCTION" missed="52" covered="3"/><counter type="LINE" missed="10" covered="1"/><counter type="COMPLEXITY" missed="7" covered="1"/><counter type="METHOD" missed="7" covered="1"/><counter type="CLASS" missed="0" covered="1"/></class><sourcefile name="TourGuideController.java"><line nr="17" mi="0" ci="3" mb="0" cb="0"/><line nr="24" mi="2" ci="0" mb="0" cb="0"/><line nr="37" mi="7" ci="0" mb="0" cb="0"/><line nr="38" mi="4" ci="0" mb="0" cb="0"/><line nr="56" mi="7" ci="0" mb="0" cb="0"/><line nr="57" mi="6" ci="0" mb="0" cb="0"/><line nr="72" mi="8" ci="0" mb="0" cb="0"/><line nr="87" mi="3" ci="0" mb="0" cb="0"/><line nr="102" mi="7" ci="0" mb="0" cb="0"/><line nr="103" mi="3" ci="0" mb="0" cb="0"/><line nr="113" mi="5" ci="0" mb="0" cb="0"/><counter type="INSTRUCTION" missed="52" covered="3"/><counter type="LINE" missed="10" covered="1"/><counter type="COMPLEXITY" missed="7" covered="1"/><counter type="METHOD" missed="7" covered="1"/><counter type="CLASS" missed="0" covered="1"/></sourcefile><sourcefile name="Application.java"><line nr="9" mi="0" ci="3" mb="0" cb="0"/><line nr="12" mi="4" ci="0" mb="0" cb="0"/><line nr="13" mi="1" ci="0" mb="0" cb="0"/><counter type="INSTRUCTION" missed="5" covered="3"/><counter type="LINE" missed="2" covered="1"/><counter type="COMPLEXITY" missed="1" covered="1"/><counter type="METHOD" missed="1" covered="1"/><counter type="CLASS" missed="0" covered="1"/></sourcefile><counter type="INSTRUCTION" missed="57" covered="6"/><counter type="LINE" missed="12" covered="2"/><counter type="COMPLEXITY" missed="8" covered="2"/><counter type="METHOD" missed="8" covered="2"/><counter type="CLASS" missed="0" covered="2"/></package><package name="tourGuide/tracker"><class name="tourGuide/tracker/Tracker" sourcefilename="Tracker.java"><method name="&lt;init&gt;" desc="(LtourGuide/service/TourGuideServiceImpl;)V" line="16"><counter type="INSTRUCTION" missed="0" covered="21"/><counter type="LINE" missed="0" covered="7"/><counter type="COMPLEXITY" missed="0" covered="1"/><counter type="METHOD" missed="0" covered="1"/></method><method name="stopTracking" desc="()V" line="32"><counter type="INSTRUCTION" missed="0" covered="8"/><counter type="LINE" missed="0" covered="3"/><counter type="COMPLEXITY" missed="0" covered="1"/><counter type="METHOD" missed="0" covered="1"/></method><method name="run" desc="()V" line="38"><counter type="INSTRUCTION" missed="5" covered="70"/><counter type="BRANCH" missed="1" covered="3"/><counter type="LINE" missed="3" covered="15"/><counter type="COMPLEXITY" missed="1" covered="2"/><counter type="METHOD" missed="0" covered="1"/></method><method name="&lt;clinit&gt;" desc="()V" line="17"><counter type="INSTRUCTION" missed="0" covered="5"/><counter type="LINE" missed="0" covered="1"/><counter type="COMPLEXITY" missed="0" covered="1"/><counter type="METHOD" missed="0" covered="1"/></method><counter type="INSTRUCTION" missed="5" covered="104"/><counter type="BRANCH" missed="1" covered="3"/><counter type="LINE" missed="3" covered="26"/><counter type="COMPLEXITY" missed="1" covered="5"/><counter type="METHOD" missed="0" covered="4"/><counter type="CLASS" missed="0" covered="1"/></class><sourcefile name="Tracker.java"><line nr="16" mi="0" ci="4" mb="0" cb="0"/><line nr="17" mi="0" ci="5" mb="0" cb="0"/><line nr="18" mi="0" ci="3" mb="0" cb="0"/><line nr="20" mi="0" ci="3" mb="0" cb="0"/><line nr="22" mi="0" ci="2" mb="0" cb="0"/><line nr="23" mi="0" ci="3" mb="0" cb="0"/><line nr="25" mi="0" ci="5" mb="0" cb="0"/><line nr="26" mi="0" ci="1" mb="0" cb="0"/><line nr="32" mi="0" ci="3" mb="0" cb="0"/><line nr="33" mi="0" ci="4" mb="0" cb="0"/><line nr="34" mi="0" ci="1" mb="0" cb="0"/><line nr="38" mi="0" ci="4" mb="0" cb="0"/><line nr="40" mi="0" ci="6" mb="1" cb="3"/><line nr="41" mi="0" ci="4" mb="0" cb="0"/><line nr="42" mi="0" ci="1" mb="0" cb="0"/><line nr="45" mi="0" ci="4" mb="0" cb="0"/><line nr="46" mi="0" ci="14" mb="0" cb="0"/><line nr="47" mi="0" ci="2" mb="0" cb="0"/><line nr="48" mi="0" ci="8" mb="0" cb="0"/><line nr="49" mi="0" ci="2" mb="0" cb="0"/><line nr="50" mi="0" ci="16" mb="0" cb="0"/><line nr="51" mi="0" ci="2" mb="0" cb="0"/><line nr="53" mi="0" ci="4" mb="0" cb="0"/><line nr="54" mi="3" ci="0" mb="0" cb="0"/><line nr="55" mi="0" ci="1" mb="0" cb="0"/><line nr="56" mi="0" ci="1" mb="0" cb="0"/><line nr="57" mi="1" ci="0" mb="0" cb="0"/><line nr="58" mi="1" ci="0" mb="0" cb="0"/><line nr="60" mi="0" ci="1" mb="0" cb="0"/><counter type="INSTRUCTION" missed="5" covered="104"/><counter type="BRANCH" missed="1" covered="3"/><counter type="LINE" missed="3" covered="26"/><counter type="COMPLEXITY" missed="1" covered="5"/><counter type="METHOD" missed="0" covered="4"/><counter type="CLASS" missed="0" covered="1"/></sourcefile><counter type="INSTRUCTION" missed="5" covered="104"/><counter type="BRANCH" missed="1" covered="3"/><counter type="LINE" missed="3" covered="26"/><counter type="COMPLEXITY" missed="1" covered="5"/><counter type="METHOD" missed="0" covered="4"/><counter type="CLASS" missed="0" covered="1"/></package><package name="tourGuide/proxies"><class name="tourGuide/proxies/RewardCentralProxy" sourcefilename="RewardCentralProxy.java"/><class name="tourGuide/proxies/GpsUtilProxy" sourcefilename="GpsUtilProxy.java"/><sourcefile name="GpsUtilProxy.java"/><sourcefile name="RewardCentralProxy.java"/></package><package name="tourGuide/helper"><class name="tourGuide/helper/InternalTestHelper" sourcefilename="InternalTestHelper.java"><method name="&lt;init&gt;" desc="()V" line="3"><counter type="INSTRUCTION" missed="3" covered="0"/><counter type="LINE" missed="1" covered="0"/><counter type="COMPLEXITY" missed="1" covered="0"/><counter type="METHOD" missed="1" covered="0"/></method><method name="setInternalUserNumber" desc="(I)V" line="9"><counter type="INSTRUCTION" missed="0" covered="3"/><counter type="LINE" missed="0" covered="2"/><counter type="COMPLEXITY" missed="0" covered="1"/><counter type="METHOD" missed="0" covered="1"/></method><method name="getInternalUserNumber" desc="()I" line="13"><counter type="INSTRUCTION" missed="0" covered="2"/><counter type="LINE" missed="0" covered="1"/><counter type="COMPLEXITY" missed="0" covered="1"/><counter type="METHOD" missed="0" covered="1"/></method><method name="&lt;clinit&gt;" desc="()V" line="6"><counter type="INSTRUCTION" missed="0" covered="3"/><counter type="LINE" missed="0" covered="1"/><counter type="COMPLEXITY" missed="0" covered="1"/><counter type="METHOD" missed="0" covered="1"/></method><counter type="INSTRUCTION" missed="3" covered="8"/><counter type="LINE" missed="1" covered="4"/><counter type="COMPLEXITY" missed="1" covered="3"/><counter type="METHOD" missed="1" covered="3"/><counter type="CLASS" missed="0" covered="1"/></class><sourcefile name="InternalTestHelper.java"><line nr="3" mi="3" ci="0" mb="0" cb="0"/><line nr="6" mi="0" ci="3" mb="0" cb="0"/><line nr="9" mi="0" ci="2" mb="0" cb="0"/><line nr="10" mi="0" ci="1" mb="0" cb="0"/><line nr="13" mi="0" ci="2" mb="0" cb="0"/><counter type="INSTRUCTION" missed="3" covered="8"/><counter type="LINE" missed="1" covered="4"/><counter type="COMPLEXITY" missed="1" covered="3"/><counter type="METHOD" missed="1" covered="3"/><counter type="CLASS" missed="0" covered="1"/></sourcefile><counter type="INSTRUCTION" missed="3" covered="8"/><counter type="LINE" missed="1" covered="4"/><counter type="COMPLEXITY" missed="1" covered="3"/><counter type="METHOD" missed="1" covered="3"/><counter type="CLASS" missed="0" covered="1"/></package><package name="tourGuide/service"><class name="tourGuide/service/RewardsService" sourcefilename="RewardsService.java"><method name="&lt;init&gt;" desc="(LtourGuide/proxies/GpsUtilProxy;LtourGuide/proxies/RewardCentralProxy;)V" line="22"><counter type="INSTRUCTION" missed="0" covered="19"/><counter type="LINE" missed="0" covered="7"/><counter type="COMPLEXITY" missed="0" covered="1"/><counter type="METHOD" missed="0" covered="1"/></method><method name="setProximityBuffer" desc="(I)V" line="34"><counter type="INSTRUCTION" missed="4" covered="0"/><counter type="LINE" missed="2" covered="0"/><counter type="COMPLEXITY" missed="1" covered="0"/><counter type="METHOD" missed="1" covered="0"/></method><method name="setDefaultProximityBuffer" desc="()V" line="38"><counter type="INSTRUCTION" missed="5" covered="0"/><counter type="LINE" missed="2" covered="0"/><counter type="COMPLEXITY" missed="1" covered="0"/><counter type="METHOD" missed="1" covered="0"/></method><method name="calculateRewards" desc="(LtourGuide/model/user/User;)V" line="42"><counter type="INSTRUCTION" missed="0" covered="20"/><counter type="LINE" missed="0" covered="4"/><counter type="COMPLEXITY" missed="0" covered="1"/><counter type="METHOD" missed="0" covered="1"/></method><method name="isWithinAttractionProximity" desc="(LtourGuide/beans/AttractionBean;LtourGuide/beans/LocationBean;)Z" line="62"><counter type="INSTRUCTION" missed="13" covered="0"/><counter type="BRANCH" missed="2" covered="0"/><counter type="LINE" missed="1" covered="0"/><counter type="COMPLEXITY" missed="2" covered="0"/><counter type="METHOD" missed="1" covered="0"/></method><method name="nearAttraction" desc="(LtourGuide/beans/VisitedLocationBean;LtourGuide/beans/AttractionBean;)Z" line="66"><counter type="INSTRUCTION" missed="0" covered="14"/><counter type="BRANCH" missed="0" covered="2"/><counter type="LINE" missed="0" covered="1"/><counter type="COMPLEXITY" missed="0" covered="2"/><counter type="METHOD" missed="0" covered="1"/></method><method name="getRewardPoints" desc="(LtourGuide/beans/AttractionBean;LtourGuide/model/user/User;)I" line="70"><counter type="INSTRUCTION" missed="0" covered="8"/><counter type="LINE" missed="0" covered="1"/><counter type="COMPLEXITY" missed="0" covered="1"/><counter type="METHOD" missed="0" covered="1"/></method><method name="getDistance" desc="(LtourGuide/beans/LocationBean;LtourGuide/beans/LocationBean;)D" line="74"><counter type="INSTRUCTION" missed="0" covered="43"/><counter type="LINE" missed="0" covered="8"/><counter type="COMPLEXITY" missed="0" covered="1"/><counter type="METHOD" missed="0" covered="1"/></method><method name="lambda$calculateRewards$3" desc="(Ljava/util/List;LtourGuide/model/user/User;Ljava/util/concurrent/ExecutorService;Ljava/util/List;)V" line="45"><counter type="INSTRUCTION" missed="0" covered="47"/><counter type="BRANCH" missed="0" covered="8"/><counter type="LINE" missed="0" covered="9"/><counter type="COMPLEXITY" missed="0" covered="5"/><counter type="METHOD" missed="0" covered="1"/></method><method name="lambda$null$2" desc="(LtourGuide/beans/VisitedLocationBean;LtourGuide/beans/AttractionBean;LtourGuide/model/user/User;Ljava/lang/Integer;)V" line="51"><counter type="INSTRUCTION" missed="0" covered="12"/><counter type="LINE" missed="0" covered="3"/><counter type="COMPLEXITY" missed="0" covered="1"/><counter type="METHOD" missed="0" covered="1"/></method><method name="lambda$null$1" desc="(LtourGuide/beans/AttractionBean;LtourGuide/model/user/User;)Ljava/lang/Integer;" line="49"><counter type="INSTRUCTION" missed="0" covered="6"/><counter type="LINE" missed="0" covered="1"/><counter type="COMPLEXITY" missed="0" covered="1"/><counter type="METHOD" missed="0" covered="1"/></method><method name="lambda$null$0" desc="(LtourGuide/beans/AttractionBean;LtourGuide/model/user/UserReward;)Z" line="47"><counter type="INSTRUCTION" missed="0" covered="7"/><counter type="LINE" missed="0" covered="1"/><counter type="COMPLEXITY" missed="0" covered="1"/><counter type="METHOD" missed="0" covered="1"/></method><counter type="INSTRUCTION" missed="22" covered="176"/><counter type="BRANCH" missed="2" covered="10"/><counter type="LINE" missed="5" covered="33"/><counter type="COMPLEXITY" missed="4" covered="14"/><counter type="METHOD" missed="3" covered="9"/><counter type="CLASS" missed="0" covered="1"/></class><class name="tourGuide/service/TourGuideServiceImpl" sourcefilename="TourGuideServiceImpl.java"><method name="&lt;init&gt;" desc="(LtourGuide/proxies/GpsUtilProxy;LtourGuide/service/RewardsService;)V" line="30"><counter type="INSTRUCTION" missed="0" covered="51"/><counter type="BRANCH" missed="1" covered="1"/><counter type="LINE" missed="0" covered="15"/><counter type="COMPLEXITY" missed="1" covered="1"/><counter type="METHOD" missed="0" covered="1"/></method><method name="getUserRewards" desc="(LtourGuide/model/user/User;)Ljava/util/List;" line="63"><counter type="INSTRUCTION" missed="3" covered="0"/><counter type="LINE" missed="1" covered="0"/><counter type="COMPLEXITY" missed="1" covered="0"/><counter type="METHOD" missed="1" covered="0"/></method><method name="getUserLocation" desc="(LtourGuide/model/user/User;)LtourGuide/beans/VisitedLocationBean;" line="76"><counter type="INSTRUCTION" missed="0" covered="13"/><counter type="BRANCH" missed="0" covered="2"/><counter type="LINE" missed="0" covered="3"/><counter type="COMPLEXITY" missed="0" covered="2"/><counter type="METHOD" missed="0" covered="1"/></method><method name="getUser" desc="(Ljava/lang/String;)LtourGuide/model/user/User;" line="89"><counter type="INSTRUCTION" missed="0" covered="6"/><counter type="LINE" missed="0" covered="1"/><counter type="COMPLEXITY" missed="0" covered="1"/><counter type="METHOD" missed="0" covered="1"/></method><method name="getAllUsers" desc="()Ljava/util/List;" line="98"><counter type="INSTRUCTION" missed="0" covered="7"/><counter type="LINE" missed="0" covered="1"/><counter type="COMPLEXITY" missed="0" covered="1"/><counter type="METHOD" missed="0" covered="1"/></method><method name="addUser" desc="(LtourGuide/model/user/User;)V" line="107"><counter type="INSTRUCTION" missed="0" covered="14"/><counter type="BRANCH" missed="1" covered="1"/><counter type="LINE" missed="0" covered="3"/><counter type="COMPLEXITY" missed="1" covered="1"/><counter type="METHOD" missed="0" covered="1"/></method><method name="getTripDeals" desc="(LtourGuide/model/user/User;)Ljava/util/List;" line="124"><counter type="INSTRUCTION" missed="0" covered="29"/><counter type="LINE" missed="0" covered="5"/><counter type="COMPLEXITY" missed="0" covered="1"/><counter type="METHOD" missed="0" covered="1"/></method><method name="trackUserLocation" desc="(LtourGuide/model/user/User;)Ljava/util/concurrent/CompletableFuture;" line="138"><counter type="INSTRUCTION" missed="0" covered="13"/><counter type="LINE" missed="0" covered="3"/><counter type="COMPLEXITY" missed="0" covered="1"/><counter type="METHOD" missed="0" covered="1"/></method><method name="getUserById" desc="(Ljava/util/UUID;)LtourGuide/model/user/User;" line="159"><counter type="INSTRUCTION" missed="0" covered="25"/><counter type="BRANCH" missed="1" covered="3"/><counter type="LINE" missed="0" covered="7"/><counter type="COMPLEXITY" missed="1" covered="2"/><counter type="METHOD" missed="0" covered="1"/></method><method name="getNearByAttractions" desc="(LtourGuide/beans/VisitedLocationBean;)Ljava/util/List;" line="176"><counter type="INSTRUCTION" missed="0" covered="25"/><counter type="LINE" missed="0" covered="7"/><counter type="COMPLEXITY" missed="0" covered="1"/><counter type="METHOD" missed="0" covered="1"/></method><method name="nearbyAttractionListByUserDto" desc="(LtourGuide/beans/VisitedLocationBean;)LtourGuide/model/Dto/NearbyAttractionListByUserDto;" line="198"><counter type="INSTRUCTION" missed="0" covered="91"/><counter type="BRANCH" missed="0" covered="2"/><counter type="LINE" missed="0" covered="16"/><counter type="COMPLEXITY" missed="0" covered="2"/><counter type="METHOD" missed="0" covered="1"/></method><method name="addShutDownHook" desc="()V" line="218"><counter type="INSTRUCTION" missed="0" covered="12"/><counter type="LINE" missed="0" covered="2"/><counter type="COMPLEXITY" missed="0" covered="1"/><counter type="METHOD" missed="0" covered="1"/></method><method name="initializeInternalUsers" desc="()V" line="231"><counter type="INSTRUCTION" missed="0" covered="20"/><counter type="LINE" missed="0" covered="3"/><counter type="COMPLEXITY" missed="0" covered="1"/><counter type="METHOD" missed="0" covered="1"/></method><method name="generateUserLocationHistory" desc="(LtourGuide/model/user/User;)V" line="244"><counter type="INSTRUCTION" missed="0" covered="8"/><counter type="LINE" missed="0" covered="2"/><counter type="COMPLEXITY" missed="0" covered="1"/><counter type="METHOD" missed="0" covered="1"/></method><method name="generateRandomLongitude" desc="()D" line="248"><counter type="INSTRUCTION" missed="0" covered="15"/><counter type="LINE" missed="0" covered="3"/><counter type="COMPLEXITY" missed="0" covered="1"/><counter type="METHOD" missed="0" covered="1"/></method><method name="generateRandomLatitude" desc="()D" line="254"><counter type="INSTRUCTION" missed="0" covered="15"/><counter type="LINE" missed="0" covered="3"/><counter type="COMPLEXITY" missed="0" covered="1"/><counter type="METHOD" missed="0" covered="1"/></method><method name="getRandomTime" desc="()Ljava/util/Date;" line="260"><counter type="INSTRUCTION" missed="0" covered="14"/><counter type="LINE" missed="0" covered="2"/><counter type="COMPLEXITY" missed="0" covered="1"/><counter type="METHOD" missed="0" covered="1"/></method><method name="lambda$generateUserLocationHistory$4" desc="(LtourGuide/model/user/User;I)V" line="244"><counter type="INSTRUCTION" missed="0" covered="17"/><counter type="LINE" missed="0" covered="1"/><counter type="COMPLEXITY" missed="0" covered="1"/><counter type="METHOD" missed="0" covered="1"/></method><method name="lambda$initializeInternalUsers$3" desc="(I)V" line="232"><counter type="INSTRUCTION" missed="0" covered="38"/><counter type="LINE" missed="0" covered="7"/><counter type="COMPLEXITY" missed="0" covered="1"/><counter type="METHOD" missed="0" covered="1"/></method><method name="lambda$getNearByAttractions$2" desc="(LtourGuide/beans/VisitedLocationBean;LtourGuide/beans/AttractionBean;)D" line="179"><counter type="INSTRUCTION" missed="0" covered="13"/><counter type="LINE" missed="0" covered="1"/><counter type="COMPLEXITY" missed="0" covered="1"/><counter type="METHOD" missed="0" covered="1"/></method><method name="lambda$trackUserLocation$1" desc="(LtourGuide/model/user/User;LtourGuide/beans/VisitedLocationBean;)LtourGuide/beans/VisitedLocationBean;" line="141"><counter type="INSTRUCTION" missed="0" covered="9"/><counter type="LINE" missed="0" covered="3"/><counter type="COMPLEXITY" missed="0" covered="1"/><counter type="METHOD" missed="0" covered="1"/></method><method name="lambda$trackUserLocation$0" desc="(LtourGuide/model/user/User;)LtourGuide/beans/VisitedLocationBean;" line="139"><counter type="INSTRUCTION" missed="0" covered="6"/><counter type="LINE" missed="0" covered="1"/><counter type="COMPLEXITY" missed="0" covered="1"/><counter type="METHOD" missed="0" covered="1"/></method><counter type="INSTRUCTION" missed="3" covered="441"/><counter type="BRANCH" missed="3" covered="9"/><counter type="LINE" missed="1" covered="86"/><counter type="COMPLEXITY" missed="4" covered="24"/><counter type="METHOD" missed="1" covered="21"/><counter type="CLASS" missed="0" covered="1"/></class><class name="tourGuide/service/TourGuideService" sourcefilename="TourGuideService.java"/><sourcefile name="TourGuideServiceImpl.java"><line nr="30" mi="0" ci="4" mb="0" cb="0"/><line nr="33" mi="0" ci="5" mb="0" cb="0"/><line nr="35" mi="0" ci="3" mb="0" cb="0"/><line nr="37" mi="0" ci="2" mb="0" cb="0"/><line nr="38" mi="0" ci="3" mb="0" cb="0"/><line nr="39" mi="0" ci="3" mb="0" cb="0"/><line nr="41" mi="0" ci="3" mb="1" cb="1"/><line nr="42" mi="0" ci="4" mb="0" cb="0"/><line nr="43" mi="0" ci="4" mb="0" cb="0"/><line nr="44" mi="0" ci="2" mb="0" cb="0"/><line nr="45" mi="0" ci="4" mb="0" cb="0"/><line nr="47" mi="0" ci="6" mb="0" cb="0"/><line nr="48" mi="0" ci="2" mb="0" cb="0"/><line nr="49" mi="0" ci="1" mb="0" cb="0"/><line nr="63" mi="3" ci="0" mb="0" cb="0"/><line nr="76" mi="0" ci="6" mb="0" cb="2"/><line nr="77" mi="0" ci="4" mb="0" cb="0"/><line nr="78" mi="0" ci="3" mb="0" cb="0"/><line nr="89" mi="0" ci="6" mb="0" cb="0"/><line nr="98" mi="0" ci="7" mb="0" cb="0"/><line nr="107" mi="0" ci="6" mb="1" cb="1"/><line nr="108" mi="0" ci="7" mb="0" cb="0"/><line nr="110" mi="0" ci="1" mb="0" cb="0"/><line nr="124" mi="0" ci="7" mb="0" cb="0"/><line nr="125" mi="0" ci="11" mb="0" cb="0"/><line nr="126" mi="0" ci="6" mb="0" cb="0"/><line nr="127" mi="0" ci="3" mb="0" cb="0"/><line nr="128" mi="0" ci="2" mb="0" cb="0"/><line nr="138" mi="0" ci="3" mb="0" cb="0"/><line nr="139" mi="0" ci="15" mb="0" cb="0"/><line nr="140" mi="0" ci="1" mb="0" cb="0"/><line nr="141" mi="0" ci="3" mb="0" cb="0"/><line nr="142" mi="0" ci="4" mb="0" cb="0"/><line nr="143" mi="0" ci="2" mb="0" cb="0"/><line nr="159" mi="0" ci="3" mb="0" cb="0"/><line nr="160" mi="0" ci="2" mb="0" cb="0"/><line nr="161" mi="0" ci="10" mb="0" cb="2"/><line nr="162" mi="0" ci="5" mb="1" cb="1"/><line nr="163" mi="0" ci="2" mb="0" cb="0"/><line nr="165" mi="0" ci="1" mb="0" cb="0"/><line nr="166" mi="0" ci="2" mb="0" cb="0"/><line nr="176" mi="0" ci="4" mb="0" cb="0"/><line nr="177" mi="0" ci="4" mb="0" cb="0"/><line nr="178" mi="0" ci="5" mb="0" cb="0"/><line nr="179" mi="0" ci="16" mb="0" cb="0"/><line nr="180" mi="0" ci="6" mb="0" cb="0"/><line nr="181" mi="0" ci="1" mb="0" cb="0"/><line nr="182" mi="0" ci="2" mb="0" cb="0"/><line nr="198" mi="0" ci="4" mb="0" cb="0"/><line nr="199" mi="0" ci="4" mb="0" cb="0"/><line nr="200" mi="0" ci="5" mb="0" cb="0"/><line nr="202" mi="0" ci="10" mb="0" cb="2"/><line nr="203" mi="0" ci="2" mb="0" cb="0"/><line nr="204" mi="0" ci="8" mb="0" cb="0"/><line nr="205" mi="0" ci="14" mb="0" cb="0"/><line nr="206" mi="0" ci="13" mb="0" cb="0"/><line nr="207" mi="0" ci="2" mb="0" cb="0"/><line nr="208" mi="0" ci="2" mb="0" cb="0"/><line nr="209" mi="0" ci="4" mb="0" cb="0"/><line nr="210" mi="0" ci="1" mb="0" cb="0"/><line nr="211" mi="0" ci="8" mb="0" cb="0"/><line nr="212" mi="0" ci="12" mb="0" cb="0"/><line nr="213" mi="0" ci="1" mb="0" cb="0"/><line nr="214" mi="0" ci="1" mb="0" cb="0"/><line nr="218" mi="0" ci="11" mb="0" cb="0"/><line nr="219" mi="0" ci="1" mb="0" cb="0"/><line nr="228" mi="0" ci="5" mb="0" cb="0"/><line nr="231" mi="0" ci="6" mb="0" cb="0"/><line nr="232" mi="0" ci="9" mb="0" cb="0"/><line nr="233" mi="0" ci="2" mb="0" cb="0"/><line nr="234" mi="0" ci="9" mb="0" cb="0"/><line nr="235" mi="0" ci="8" mb="0" cb="0"/><line nr="236" mi="0" ci="3" mb="0" cb="0"/><line nr="238" mi="0" ci="6" mb="0" cb="0"/><line nr="239" mi="0" ci="1" mb="0" cb="0"/><line nr="240" mi="0" ci="13" mb="0" cb="0"/><line nr="241" mi="0" ci="1" mb="0" cb="0"/><line nr="244" mi="0" ci="24" mb="0" cb="0"/><line nr="245" mi="0" ci="1" mb="0" cb="0"/><line nr="248" mi="0" ci="2" mb="0" cb="0"/><line nr="249" mi="0" ci="2" mb="0" cb="0"/><line nr="250" mi="0" ci="11" mb="0" cb="0"/><line nr="254" mi="0" ci="2" mb="0" cb="0"/><line nr="255" mi="0" ci="2" mb="0" cb="0"/><line nr="256" mi="0" ci="11" mb="0" cb="0"/><line nr="260" mi="0" ci="9" mb="0" cb="0"/><line nr="261" mi="0" ci="5" mb="0" cb="0"/><counter type="INSTRUCTION" missed="3" covered="441"/><counter type="BRANCH" missed="3" covered="9"/><counter type="LINE" missed="1" covered="86"/><counter type="COMPLEXITY" missed="4" covered="24"/><counter type="METHOD" missed="1" covered="21"/><counter type="CLASS" missed="0" covered="1"/></sourcefile><sourcefile name="RewardsService.java"><line nr="22" mi="0" ci="3" mb="0" cb="0"/><line nr="23" mi="0" ci="4" mb="0" cb="0"/><line nr="24" mi="0" ci="3" mb="0" cb="0"/><line nr="28" mi="0" ci="2" mb="0" cb="0"/><line nr="29" mi="0" ci="3" mb="0" cb="0"/><line nr="30" mi="0" ci="3" mb="0" cb="0"/><line nr="31" mi="0" ci="1" mb="0" cb="0"/><line nr="34" mi="3" ci="0" mb="0" cb="0"/><line nr="35" mi="1" ci="0" mb="0" cb="0"/><line nr="38" mi="4" ci="0" mb="0" cb="0"/><line nr="39" mi="1" ci="0" mb="0" cb="0"/><line nr="42" mi="0" ci="2" mb="0" cb="0"/><line nr="43" mi="0" ci="3" mb="0" cb="0"/><line nr="44" mi="0" ci="14" mb="0" cb="0"/><line nr="45" mi="0" ci="10" mb="0" cb="2"/><line nr="46" mi="0" ci="10" mb="0" cb="2"/><line nr="47" mi="0" ci="14" mb="0" cb="2"/><line nr="48" mi="0" ci="5" mb="0" cb="2"/><line nr="49" mi="0" ci="16" mb="0" cb="0"/><line nr="50" mi="0" ci="2" mb="0" cb="0"/><line nr="51" mi="0" ci="8" mb="0" cb="0"/><line nr="52" mi="0" ci="3" mb="0" cb="0"/><line nr="53" mi="0" ci="1" mb="0" cb="0"/><line nr="56" mi="0" ci="1" mb="0" cb="0"/><line nr="57" mi="0" ci="1" mb="0" cb="0"/><line nr="58" mi="0" ci="1" mb="0" cb="0"/><line nr="59" mi="0" ci="1" mb="0" cb="0"/><line nr="62" mi="13" ci="0" mb="2" cb="0"/><line nr="66" mi="0" ci="14" mb="0" cb="2"/><line nr="70" mi="0" ci="8" mb="0" cb="0"/><line nr="74" mi="0" ci="4" mb="0" cb="0"/><line nr="75" mi="0" ci="4" mb="0" cb="0"/><line nr="76" mi="0" ci="4" mb="0" cb="0"/><line nr="77" mi="0" ci="4" mb="0" cb="0"/><line nr="79" mi="0" ci="8" mb="0" cb="0"/><line nr="80" mi="0" ci="10" mb="0" cb="0"/><line nr="81" mi="0" ci="5" mb="0" cb="0"/><line nr="82" mi="0" ci="4" mb="0" cb="0"/><counter type="INSTRUCTION" missed="22" covered="176"/><counter type="BRANCH" missed="2" covered="10"/><counter type="LINE" missed="5" covered="33"/><counter type="COMPLEXITY" missed="4" covered="14"/><counter type="METHOD" missed="3" covered="9"/><counter type="CLASS" missed="0" covered="1"/></sourcefile><sourcefile name="TourGuideService.java"/><counter type="INSTRUCTION" missed="25" covered="617"/><counter type="BRANCH" missed="5" covered="19"/><counter type="LINE" missed="6" covered="119"/><counter type="COMPLEXITY" missed="8" covered="38"/><counter type="METHOD" missed="4" covered="30"/><counter type="CLASS" missed="0" covered="2"/></package><package name="tourGuide/model/user"><class name="tourGuide/model/user/UserReward" sourcefilename="UserReward.java"><method name="&lt;init&gt;" desc="(LtourGuide/beans/VisitedLocationBean;LtourGuide/beans/AttractionBean;I)V" line="11"><counter type="INSTRUCTION" missed="0" covered="12"/><counter type="LINE" missed="0" covered="5"/><counter type="COMPLEXITY" missed="0" covered="1"/><counter type="METHOD" missed="0" covered="1"/></method><method name="&lt;init&gt;" desc="(LtourGuide/beans/VisitedLocationBean;LtourGuide/beans/AttractionBean;)V" line="17"><counter type="INSTRUCTION" missed="9" covered="0"/><counter type="LINE" missed="4" covered="0"/><counter type="COMPLEXITY" missed="1" covered="0"/><counter type="METHOD" missed="1" covered="0"/></method><method name="setRewardPoints" desc="(I)V" line="23"><counter type="INSTRUCTION" missed="4" covered="0"/><counter type="LINE" missed="2" covered="0"/><counter type="COMPLEXITY" missed="1" covered="0"/><counter type="METHOD" missed="1" covered="0"/></method><method name="getRewardPoints" desc="()I" line="27"><counter type="INSTRUCTION" missed="3" covered="0"/><counter type="LINE" missed="1" covered="0"/><counter type="COMPLEXITY" missed="1" covered="0"/><counter type="METHOD" missed="1" covered="0"/></method><counter type="INSTRUCTION" missed="16" covered="12"/><counter type="LINE" missed="7" covered="5"/><counter type="COMPLEXITY" missed="3" covered="1"/><counter type="METHOD" missed="3" covered="1"/><counter type="CLASS" missed="0" covered="1"/></class><class name="tourGuide/model/user/User" sourcefilename="User.java"><method name="&lt;init&gt;" desc="(Ljava/util/UUID;Ljava/lang/String;Ljava/lang/String;Ljava/lang/String;)V" line="17"><counter type="INSTRUCTION" missed="0" covered="35"/><counter type="LINE" missed="0" covered="10"/><counter type="COMPLEXITY" missed="0" covered="1"/><counter type="METHOD" missed="0" covered="1"/></method><method name="getUserId" desc="()Ljava/util/UUID;" line="29"><counter type="INSTRUCTION" missed="0" covered="3"/><counter type="LINE" missed="0" covered="1"/><counter type="COMPLEXITY" missed="0" covered="1"/><counter type="METHOD" missed="0" covered="1"/></method><method name="getUserName" desc="()Ljava/lang/String;" line="33"><counter type="INSTRUCTION" missed="0" covered="3"/><counter type="LINE" missed="0" covered="1"/><counter type="COMPLEXITY" missed="0" covered="1"/><counter type="METHOD" missed="0" covered="1"/></method><method name="setPhoneNumber" desc="(Ljava/lang/String;)V" line="37"><counter type="INSTRUCTION" missed="4" covered="0"/><counter type="LINE" missed="2" covered="0"/><counter type="COMPLEXITY" missed="1" covered="0"/><counter type="METHOD" missed="1" covered="0"/></method><method name="getPhoneNumber" desc="()Ljava/lang/String;" line="41"><counter type="INSTRUCTION" missed="3" covered="0"/><counter type="LINE" missed="1" covered="0"/><counter type="COMPLEXITY" missed="1" covered="0"/><counter type="METHOD" missed="1" covered="0"/></method><method name="setEmailAddress" desc="(Ljava/lang/String;)V" line="45"><counter type="INSTRUCTION" missed="4" covered="0"/><counter type="LINE" missed="2" covered="0"/><counter type="COMPLEXITY" missed="1" covered="0"/><counter type="METHOD" missed="1" covered="0"/></method><method name="getEmailAddress" desc="()Ljava/lang/String;" line="49"><counter type="INSTRUCTION" missed="3" covered="0"/><counter type="LINE" missed="1" covered="0"/><counter type="COMPLEXITY" missed="1" covered="0"/><counter type="METHOD" missed="1" covered="0"/></method><method name="setLatestLocationTimestamp" desc="(Ljava/util/Date;)V" line="53"><counter type="INSTRUCTION" missed="4" covered="0"/><counter type="LINE" missed="2" covered="0"/><counter type="COMPLEXITY" missed="1" covered="0"/><counter type="METHOD" missed="1" covered="0"/></method><method name="getLatestLocationTimestamp" desc="()Ljava/util/Date;" line="57"><counter type="INSTRUCTION" missed="3" covered="0"/><counter type="LINE" missed="1" covered="0"/><counter type="COMPLEXITY" missed="1" covered="0"/><counter type="METHOD" missed="1" covered="0"/></method><method name="addToVisitedLocations" desc="(LtourGuide/beans/VisitedLocationBean;)V" line="61"><counter type="INSTRUCTION" missed="0" covered="6"/><counter type="LINE" missed="0" covered="2"/><counter type="COMPLEXITY" missed="0" covered="1"/><counter type="METHOD" missed="0" covered="1"/></method><method name="getVisitedLocations" desc="()Ljava/util/List;" line="65"><counter type="INSTRUCTION" missed="0" covered="3"/><counter type="LINE" missed="0" covered="1"/><counter type="COMPLEXITY" missed="0" covered="1"/><counter type="METHOD" missed="0" covered="1"/></method><method name="clearVisitedLocations" desc="()V" line="69"><counter type="INSTRUCTION" missed="0" covered="4"/><counter type="LINE" missed="0" covered="2"/><counter type="COMPLEXITY" missed="0" covered="1"/><counter type="METHOD" missed="0" covered="1"/></method><method name="addUserReward" desc="(LtourGuide/model/user/UserReward;)V" line="73"><counter type="INSTRUCTION" missed="0" covered="16"/><counter type="BRANCH" missed="0" covered="2"/><counter type="LINE" missed="0" covered="5"/><counter type="COMPLEXITY" missed="0" covered="2"/><counter type="METHOD" missed="0" covered="1"/></method><method name="getUserRewards" desc="()Ljava/util/List;" line="81"><counter type="INSTRUCTION" missed="0" covered="3"/><counter type="LINE" missed="0" covered="1"/><counter type="COMPLEXITY" missed="0" covered="1"/><counter type="METHOD" missed="0" covered="1"/></method><method name="getUserPreferences" desc="()LtourGuide/model/user/UserPreferences;" line="85"><counter type="INSTRUCTION" missed="0" covered="3"/><counter type="LINE" missed="0" covered="1"/><counter type="COMPLEXITY" missed="0" covered="1"/><counter type="METHOD" missed="0" covered="1"/></method><method name="setUserPreferences" desc="(LtourGuide/model/user/UserPreferences;)V" line="89"><counter type="INSTRUCTION" missed="4" covered="0"/><counter type="LINE" missed="2" covered="0"/><counter type="COMPLEXITY" missed="1" covered="0"/><counter type="METHOD" missed="1" covered="0"/></method><method name="getLastVisitedLocation" desc="()LtourGuide/beans/VisitedLocationBean;" line="93"><counter type="INSTRUCTION" missed="0" covered="10"/><counter type="LINE" missed="0" covered="1"/><counter type="COMPLEXITY" missed="0" covered="1"/><counter type="METHOD" missed="0" covered="1"/></method><method name="setTripDeals" desc="(Ljava/util/List;)V" line="97"><counter type="INSTRUCTION" missed="0" covered="4"/><counter type="LINE" missed="0" covered="2"/><counter type="COMPLEXITY" missed="0" covered="1"/><counter type="METHOD" missed="0" covered="1"/></method><method name="getTripDeals" desc="()Ljava/util/List;" line="101"><counter type="INSTRUCTION" missed="3" covered="0"/><counter type="LINE" missed="1" covered="0"/><counter type="COMPLEXITY" missed="1" covered="0"/><counter type="METHOD" missed="1" covered="0"/></method><method name="lambda$addUserReward$0" desc="(LtourGuide/model/user/UserReward;LtourGuide/model/user/UserReward;)Z" line="74"><counter type="INSTRUCTION" missed="1" covered="10"/><counter type="BRANCH" missed="1" covered="1"/><counter type="LINE" missed="0" covered="1"/><counter type="COMPLEXITY" missed="1" covered="1"/><counter type="METHOD" missed="0" covered="1"/></method><counter type="INSTRUCTION" missed="29" covered="100"/><counter type="BRANCH" missed="1" covered="3"/><counter type="LINE" missed="12" covered="27"/><counter type="COMPLEXITY" missed="9" covered="13"/><counter type="METHOD" missed="8" covered="12"/><counter type="CLASS" missed="0" covered="1"/></class><class name="tourGuide/model/user/UserPreferences" sourcefilename="UserPreferences.java"><method name="&lt;init&gt;" desc="()V" line="11"><counter type="INSTRUCTION" missed="0" covered="38"/><counter type="LINE" missed="0" covered="10"/><counter type="COMPLEXITY" missed="0" covered="1"/><counter type="METHOD" missed="0" covered="1"/></method><method name="setAttractionProximity" desc="(I)V" line="24"><counter type="INSTRUCTION" missed="4" covered="0"/><counter type="LINE" missed="2" covered="0"/><counter type="COMPLEXITY" missed="1" covered="0"/><counter type="METHOD" missed="1" covered="0"/></method><method name="getAttractionProximity" desc="()I" line="28"><counter type="INSTRUCTION" missed="3" covered="0"/><counter type="LINE" missed="1" covered="0"/><counter type="COMPLEXITY" missed="1" covered="0"/><counter type="METHOD" missed="1" covered="0"/></method><method name="getLowerPricePoint" desc="()Lorg/javamoney/moneta/Money;" line="32"><counter type="INSTRUCTION" missed="3" covered="0"/><counter type="LINE" missed="1" covered="0"/><counter type="COMPLEXITY" missed="1" covered="0"/><counter type="METHOD" missed="1" covered="0"/></method><method name="setLowerPricePoint" desc="(Lorg/javamoney/moneta/Money;)V" line="36"><counter type="INSTRUCTION" missed="4" covered="0"/><counter type="LINE" missed="2" covered="0"/><counter type="COMPLEXITY" missed="1" covered="0"/><counter type="METHOD" missed="1" covered="0"/></method><method name="getHighPricePoint" desc="()Lorg/javamoney/moneta/Money;" line="40"><counter type="INSTRUCTION" missed="3" covered="0"/><counter type="LINE" missed="1" covered="0"/><counter type="COMPLEXITY" missed="1" covered="0"/><counter type="METHOD" missed="1" covered="0"/></method><method name="setHighPricePoint" desc="(Lorg/javamoney/moneta/Money;)V" line="44"><counter type="INSTRUCTION" missed="4" covered="0"/><counter type="LINE" missed="2" covered="0"/><counter type="COMPLEXITY" missed="1" covered="0"/><counter type="METHOD" missed="1" covered="0"/></method><method name="getTripDuration" desc="()I" line="48"><counter type="INSTRUCTION" missed="0" covered="3"/><counter type="LINE" missed="0" covered="1"/><counter type="COMPLEXITY" missed="0" covered="1"/><counter type="METHOD" missed="0" covered="1"/></method><method name="setTripDuration" desc="(I)V" line="52"><counter type="INSTRUCTION" missed="4" covered="0"/><counter type="LINE" missed="2" covered="0"/><counter type="COMPLEXITY" missed="1" covered="0"/><counter type="METHOD" missed="1" covered="0"/></method><method name="getTicketQuantity" desc="()I" line="56"><counter type="INSTRUCTION" missed="3" covered="0"/><counter type="LINE" missed="1" covered="0"/><counter type="COMPLEXITY" missed="1" covered="0"/><counter type="METHOD" missed="1" covered="0"/></method><method name="setTicketQuantity" desc="(I)V" line="60"><counter type="INSTRUCTION" missed="4" covered="0"/><counter type="LINE" missed="2" covered="0"/><counter type="COMPLEXITY" missed="1" covered="0"/><counter type="METHOD" missed="1" covered="0"/></method><method name="getNumberOfAdults" desc="()I" line="64"><counter type="INSTRUCTION" missed="0" covered="3"/><counter type="LINE" missed="0" covered="1"/><counter type="COMPLEXITY" missed="0" covered="1"/><counter type="METHOD" missed="0" covered="1"/></method><method name="setNumberOfAdults" desc="(I)V" line="68"><counter type="INSTRUCTION" missed="4" covered="0"/><counter type="LINE" missed="2" covered="0"/><counter type="COMPLEXITY" missed="1" covered="0"/><counter type="METHOD" missed="1" covered="0"/></method><method name="getNumberOfChildren" desc="()I" line="72"><counter type="INSTRUCTION" missed="0" covered="3"/><counter type="LINE" missed="0" covered="1"/><counter type="COMPLEXITY" missed="0" covered="1"/><counter type="METHOD" missed="0" covered="1"/></method><method name="setNumberOfChildren" desc="(I)V" line="76"><counter type="INSTRUCTION" missed="4" covered="0"/><counter type="LINE" missed="2" covered="0"/><counter type="COMPLEXITY" missed="1" covered="0"/><counter type="METHOD" missed="1" covered="0"/></method><counter type="INSTRUCTION" missed="40" covered="47"/><counter type="LINE" missed="18" covered="13"/><counter type="COMPLEXITY" missed="11" covered="4"/><counter type="METHOD" missed="11" covered="4"/><counter type="CLASS" missed="0" covered="1"/></class><sourcefile name="UserReward.java"><line nr="11" mi="0" ci="2" mb="0" cb="0"/><line nr="12" mi="0" ci="3" mb="0" cb="0"/><line nr="13" mi="0" ci="3" mb="0" cb="0"/><line nr="14" mi="0" ci="3" mb="0" cb="0"/><line nr="15" mi="0" ci="1" mb="0" cb="0"/><line nr="17" mi="2" ci="0" mb="0" cb="0"/><line nr="18" mi="3" ci="0" mb="0" cb="0"/><line nr="19" mi="3" ci="0" mb="0" cb="0"/><line nr="20" mi="1" ci="0" mb="0" cb="0"/><line nr="23" mi="3" ci="0" mb="0" cb="0"/><line nr="24" mi="1" ci="0" mb="0" cb="0"/><line nr="27" mi="3" ci="0" mb="0" cb="0"/><counter type="INSTRUCTION" missed="16" covered="12"/><counter type="LINE" missed="7" covered="5"/><counter type="COMPLEXITY" missed="3" covered="1"/><counter type="METHOD" missed="3" covered="1"/><counter type="CLASS" missed="0" covered="1"/></sourcefile><sourcefile name="UserPreferences.java"><line nr="11" mi="0" ci="3" mb="0" cb="0"/><line nr="12" mi="0" ci="6" mb="0" cb="0"/><line nr="13" mi="0" ci="7" mb="0" cb="0"/><line nr="14" mi="0" ci="7" mb="0" cb="0"/><line nr="15" mi="0" ci="3" mb="0" cb="0"/><line nr="16" mi="0" ci="3" mb="0" cb="0"/><line nr="17" mi="0" ci="3" mb="0" cb="0"/><line nr="18" mi="0" ci="3" mb="0" cb="0"/><line nr="20" mi="0" ci="2" mb="0" cb="0"/><line nr="21" mi="0" ci="1" mb="0" cb="0"/><line nr="24" mi="3" ci="0" mb="0" cb="0"/><line nr="25" mi="1" ci="0" mb="0" cb="0"/><line nr="28" mi="3" ci="0" mb="0" cb="0"/><line nr="32" mi="3" ci="0" mb="0" cb="0"/><line nr="36" mi="3" ci="0" mb="0" cb="0"/><line nr="37" mi="1" ci="0" mb="0" cb="0"/><line nr="40" mi="3" ci="0" mb="0" cb="0"/><line nr="44" mi="3" ci="0" mb="0" cb="0"/><line nr="45" mi="1" ci="0" mb="0" cb="0"/><line nr="48" mi="0" ci="3" mb="0" cb="0"/><line nr="52" mi="3" ci="0" mb="0" cb="0"/><line nr="53" mi="1" ci="0" mb="0" cb="0"/><line nr="56" mi="3" ci="0" mb="0" cb="0"/><line nr="60" mi="3" ci="0" mb="0" cb="0"/><line nr="61" mi="1" ci="0" mb="0" cb="0"/><line nr="64" mi="0" ci="3" mb="0" cb="0"/><line nr="68" mi="3" ci="0" mb="0" cb="0"/><line nr="69" mi="1" ci="0" mb="0" cb="0"/><line nr="72" mi="0" ci="3" mb="0" cb="0"/><line nr="76" mi="3" ci="0" mb="0" cb="0"/><line nr="77" mi="1" ci="0" mb="0" cb="0"/><counter type="INSTRUCTION" missed="40" covered="47"/><counter type="LINE" missed="18" covered="13"/><counter type="COMPLEXITY" missed="11" covered="4"/><counter type="METHOD" missed="11" covered="4"/><counter type="CLASS" missed="0" covered="1"/></sourcefile><sourcefile name="User.java"><line nr="17" mi="0" ci="5" mb="0" cb="0"/><line nr="18" mi="0" ci="5" mb="0" cb="0"/><line nr="19" mi="0" ci="5" mb="0" cb="0"/><line nr="20" mi="0" ci="5" mb="0" cb="0"/><line nr="21" mi="0" ci="2" mb="0" cb="0"/><line nr="22" mi="0" ci="3" mb="0" cb="0"/><line nr="23" mi="0" ci="3" mb="0" cb="0"/><line nr="24" mi="0" ci="3" mb="0" cb="0"/><line nr="25" mi="0" ci="3" mb="0" cb="0"/><line nr="26" mi="0" ci="1" mb="0" cb="0"/><line nr="29" mi="0" ci="3" mb="0" cb="0"/><line nr="33" mi="0" ci="3" mb="0" cb="0"/><line nr="37" mi="3" ci="0" mb="0" cb="0"/><line nr="38" mi="1" ci="0" mb="0" cb="0"/><line nr="41" mi="3" ci="0" mb="0" cb="0"/><line nr="45" mi="3" ci="0" mb="0" cb="0"/><line nr="46" mi="1" ci="0" mb="0" cb="0"/><line nr="49" mi="3" ci="0" mb="0" cb="0"/><line nr="53" mi="3" ci="0" mb="0" cb="0"/><line nr="54" mi="1" ci="0" mb="0" cb="0"/><line nr="57" mi="3" ci="0" mb="0" cb="0"/><line nr="61" mi="0" ci="5" mb="0" cb="0"/><line nr="62" mi="0" ci="1" mb="0" cb="0"/><line nr="65" mi="0" ci="3" mb="0" cb="0"/><line nr="69" mi="0" ci="3" mb="0" cb="0"/><line nr="70" mi="0" ci="1" mb="0" cb="0"/><line nr="73" mi="0" ci="5" mb="0" cb="0"/><line nr="74" mi="1" ci="11" mb="1" cb="1"/><line nr="75" mi="0" ci="4" mb="0" cb="2"/><line nr="76" mi="0" ci="5" mb="0" cb="0"/><line nr="78" mi="0" ci="1" mb="0" cb="0"/><line nr="81" mi="0" ci="3" mb="0" cb="0"/><line nr="85" mi="0" ci="3" mb="0" cb="0"/><line nr="89" mi="3" ci="0" mb="0" cb="0"/><line nr="90" mi="1" ci="0" mb="0" cb="0"/><line nr="93" mi="0" ci="10" mb="0" cb="0"/><line nr="97" mi="0" ci="3" mb="0" cb="0"/><line nr="98" mi="0" ci="1" mb="0" cb="0"/><line nr="101" mi="3" ci="0" mb="0" cb="0"/><counter type="INSTRUCTION" missed="29" covered="100"/><counter type="BRANCH" missed="1" covered="3"/><counter type="LINE" missed="12" covered="27"/><counter type="COMPLEXITY" missed="9" covered="13"/><counter type="METHOD" missed="8" covered="12"/><counter type="CLASS" missed="0" covered="1"/></sourcefile><counter type="INSTRUCTION" missed="85" covered="159"/><counter type="BRANCH" missed="1" covered="3"/><counter type="LINE" missed="37" covered="45"/><counter type="COMPLEXITY" missed="23" covered="18"/><counter type="METHOD" missed="22" covered="17"/><counter type="CLASS" missed="0" covered="3"/></package><package name="tourGuide/model/Dto"><class name="tourGuide/model/Dto/NearbyAttractionDto" sourcefilename="NearbyAttractionDto.java"><method name="&lt;init&gt;" desc="(Ljava/lang/String;Ljava/lang/String;Ljava/lang/Double;I)V" line="17"><counter type="INSTRUCTION" missed="0" covered="15"/><counter type="LINE" missed="0" covered="6"/><counter type="COMPLEXITY" missed="0" covered="1"/><counter type="METHOD" missed="0" covered="1"/></method><method name="builder" desc="()LtourGuide/model/Dto/NearbyAttractionDto$NearbyAttractionDtoBuilder;" line="9"><counter type="INSTRUCTION" missed="0" covered="4"/><counter type="LINE" missed="0" covered="1"/><counter type="COMPLEXITY" missed="0" covered="1"/><counter type="METHOD" missed="0" covered="1"/></method><method name="getAttractionNameDto" desc="()Ljava/lang/String;" line="12"><counter type="INSTRUCTION" missed="3" covered="0"/><counter type="LINE" missed="1" covered="0"/><counter type="COMPLEXITY" missed="1" covered="0"/><counter type="METHOD" missed="1" covered="0"/></method><method name="getAttractionLocation" desc="()Ljava/lang/String;" line="13"><counter type="INSTRUCTION" missed="3" covered="0"/><counter type="LINE" missed="1" covered="0"/><counter type="COMPLEXITY" missed="1" covered="0"/><counter type="METHOD" missed="1" covered="0"/></method><method name="getDistanceDto" desc="()Ljava/lang/Double;" line="14"><counter type="INSTRUCTION" missed="3" covered="0"/><counter type="LINE" missed="1" covered="0"/><counter type="COMPLEXITY" missed="1" covered="0"/><counter type="METHOD" missed="1" covered="0"/></method><method name="getRewardPoints" desc="()I" line="15"><counter type="INSTRUCTION" missed="3" covered="0"/><counter type="LINE" missed="1" covered="0"/><counter type="COMPLEXITY" missed="1" covered="0"/><counter type="METHOD" missed="1" covered="0"/></method><method name="setAttractionNameDto" desc="(Ljava/lang/String;)V" line="8"><counter type="INSTRUCTION" missed="4" covered="0"/><counter type="LINE" missed="1" covered="0"/><counter type="COMPLEXITY" missed="1" covered="0"/><counter type="METHOD" missed="1" covered="0"/></method><method name="setAttractionLocation" desc="(Ljava/lang/String;)V" line="8"><counter type="INSTRUCTION" missed="4" covered="0"/><counter type="LINE" missed="1" covered="0"/><counter type="COMPLEXITY" missed="1" covered="0"/><counter type="METHOD" missed="1" covered="0"/></method><method name="setDistanceDto" desc="(Ljava/lang/Double;)V" line="8"><counter type="INSTRUCTION" missed="4" covered="0"/><counter type="LINE" missed="1" covered="0"/><counter type="COMPLEXITY" missed="1" covered="0"/><counter type="METHOD" missed="1" covered="0"/></method><method name="setRewardPoints" desc="(I)V" line="8"><counter type="INSTRUCTION" missed="4" covered="0"/><counter type="LINE" missed="1" covered="0"/><counter type="COMPLEXITY" missed="1" covered="0"/><counter type="METHOD" missed="1" covered="0"/></method><counter type="INSTRUCTION" missed="28" covered="19"/><counter type="LINE" missed="5" covered="7"/><counter type="COMPLEXITY" missed="8" covered="2"/><counter type="METHOD" missed="8" covered="2"/><counter type="CLASS" missed="0" covered="1"/></class><class name="tourGuide/model/Dto/NearbyAttractionListByUserDto" sourcefilename="NearbyAttractionListByUserDto.java"><method name="&lt;init&gt;" desc="(Ljava/lang/String;Ljava/util/List;)V" line="17"><counter type="INSTRUCTION" missed="0" covered="9"/><counter type="LINE" missed="0" covered="4"/><counter type="COMPLEXITY" missed="0" covered="1"/><counter type="METHOD" missed="0" covered="1"/></method><method name="builder" desc="()LtourGuide/model/Dto/NearbyAttractionListByUserDto$NearbyAttractionListByUserDtoBuilder;" line="11"><counter type="INSTRUCTION" missed="0" covered="4"/><counter type="LINE" missed="0" covered="1"/><counter type="COMPLEXITY" missed="0" covered="1"/><counter type="METHOD" missed="0" covered="1"/></method><method name="getUserLocation" desc="()Ljava/lang/String;" line="14"><counter type="INSTRUCTION" missed="0" covered="3"/><counter type="LINE" missed="0" covered="1"/><counter type="COMPLEXITY" missed="0" covered="1"/><counter type="METHOD" missed="0" covered="1"/></method><method name="getNearbyAttractionsDto" desc="()Ljava/util/List;" line="15"><counter type="INSTRUCTION" missed="0" covered="3"/><counter type="LINE" missed="0" covered="1"/><counter type="COMPLEXITY" missed="0" covered="1"/><counter type="METHOD" missed="0" covered="1"/></method><method name="setUserLocation" desc="(Ljava/lang/String;)V" line="10"><counter type="INSTRUCTION" missed="4" covered="0"/><counter type="LINE" missed="1" covered="0"/><counter type="COMPLEXITY" missed="1" covered="0"/><counter type="METHOD" missed="1" covered="0"/></method><method name="setNearbyAttractionsDto" desc="(Ljava/util/List;)V" line="10"><counter type="INSTRUCTION" missed="4" covered="0"/><counter type="LINE" missed="1" covered="0"/><counter type="COMPLEXITY" missed="1" covered="0"/><counter type="METHOD" missed="1" covered="0"/></method><counter type="INSTRUCTION" missed="8" covered="19"/><counter type="LINE" missed="1" covered="7"/><counter type="COMPLEXITY" missed="2" covered="4"/><counter type="METHOD" missed="2" covered="4"/><counter type="CLASS" missed="0" covered="1"/></class><class name="tourGuide/model/Dto/NearbyAttractionDto$NearbyAttractionDtoBuilder" sourcefilename="NearbyAttractionDto.java"><method name="&lt;init&gt;" desc="()V" line="9"><counter type="INSTRUCTION" missed="0" covered="3"/><counter type="LINE" missed="0" covered="1"/><counter type="COMPLEXITY" missed="0" covered="1"/><counter type="METHOD" missed="0" covered="1"/></method><method name="attractionNameDto" desc="(Ljava/lang/String;)LtourGuide/model/Dto/NearbyAttractionDto$NearbyAttractionDtoBuilder;" line="9"><counter type="INSTRUCTION" missed="0" covered="5"/><counter type="LINE" missed="0" covered="1"/><counter type="COMPLEXITY" missed="0" covered="1"/><counter type="METHOD" missed="0" covered="1"/></method><method name="attractionLocation" desc="(Ljava/lang/String;)LtourGuide/model/Dto/NearbyAttractionDto$NearbyAttractionDtoBuilder;" line="9"><counter type="INSTRUCTION" missed="0" covered="5"/><counter type="LINE" missed="0" covered="1"/><counter type="COMPLEXITY" missed="0" covered="1"/><counter type="METHOD" missed="0" covered="1"/></method><method name="distanceDto" desc="(Ljava/lang/Double;)LtourGuide/model/Dto/NearbyAttractionDto$NearbyAttractionDtoBuilder;" line="9"><counter type="INSTRUCTION" missed="0" covered="5"/><counter type="LINE" missed="0" covered="1"/><counter type="COMPLEXITY" missed="0" covered="1"/><counter type="METHOD" missed="0" covered="1"/></method><method name="rewardPoints" desc="(I)LtourGuide/model/Dto/NearbyAttractionDto$NearbyAttractionDtoBuilder;" line="9"><counter type="INSTRUCTION" missed="0" covered="5"/><counter type="LINE" missed="0" covered="1"/><counter type="COMPLEXITY" missed="0" covered="1"/><counter type="METHOD" missed="0" covered="1"/></method><method name="build" desc="()LtourGuide/model/Dto/NearbyAttractionDto;" line="9"><counter type="INSTRUCTION" missed="0" covered="12"/><counter type="LINE" missed="0" covered="1"/><counter type="COMPLEXITY" missed="0" covered="1"/><counter type="METHOD" missed="0" covered="1"/></method><method name="toString" desc="()Ljava/lang/String;" line="9"><counter type="INSTRUCTION" missed="27" covered="0"/><counter type="LINE" missed="1" covered="0"/><counter type="COMPLEXITY" missed="1" covered="0"/><counter type="METHOD" missed="1" covered="0"/></method><counter type="INSTRUCTION" missed="27" covered="35"/><counter type="LINE" missed="0" covered="1"/><counter type="COMPLEXITY" missed="1" covered="6"/><counter type="METHOD" missed="1" covered="6"/><counter type="CLASS" missed="0" covered="1"/></class><class name="tourGuide/model/Dto/NearbyAttractionListByUserDto$NearbyAttractionListByUserDtoBuilder" sourcefilename="NearbyAttractionListByUserDto.java"><method name="&lt;init&gt;" desc="()V" line="11"><counter type="INSTRUCTION" missed="0" covered="3"/><counter type="LINE" missed="0" covered="1"/><counter type="COMPLEXITY" missed="0" covered="1"/><counter type="METHOD" missed="0" covered="1"/></method><method name="userLocation" desc="(Ljava/lang/String;)LtourGuide/model/Dto/NearbyAttractionListByUserDto$NearbyAttractionListByUserDtoBuilder;" line="11"><counter type="INSTRUCTION" missed="0" covered="5"/><counter type="LINE" missed="0" covered="1"/><counter type="COMPLEXITY" missed="0" covered="1"/><counter type="METHOD" missed="0" covered="1"/></method><method name="nearbyAttractionsDto" desc="(Ljava/util/List;)LtourGuide/model/Dto/NearbyAttractionListByUserDto$NearbyAttractionListByUserDtoBuilder;" line="11"><counter type="INSTRUCTION" missed="0" covered="5"/><counter type="LINE" missed="0" covered="1"/><counter type="COMPLEXITY" missed="0" covered="1"/><counter type="METHOD" missed="0" covered="1"/></method><method name="build" desc="()LtourGuide/model/Dto/NearbyAttractionListByUserDto;" line="11"><counter type="INSTRUCTION" missed="0" covered="8"/><counter type="LINE" missed="0" covered="1"/><counter type="COMPLEXITY" missed="0" covered="1"/><counter type="METHOD" missed="0" covered="1"/></method><method name="toString" desc="()Ljava/lang/String;" line="11"><counter type="INSTRUCTION" missed="17" covered="0"/><counter type="LINE" missed="1" covered="0"/><counter type="COMPLEXITY" missed="1" covered="0"/><counter type="METHOD" missed="1" covered="0"/></method><counter type="INSTRUCTION" missed="17" covered="21"/><counter type="LINE" missed="0" covered="1"/><counter type="COMPLEXITY" missed="1" covered="4"/><counter type="METHOD" missed="1" covered="4"/><counter type="CLASS" missed="0" covered="1"/></class><sourcefile name="NearbyAttractionListByUserDto.java"><line nr="10" mi="8" ci="0" mb="0" cb="0"/><line nr="11" mi="17" ci="25" mb="0" cb="0"/><line nr="14" mi="0" ci="3" mb="0" cb="0"/><line nr="15" mi="0" ci="3" mb="0" cb="0"/><line nr="17" mi="0" ci="2" mb="0" cb="0"/><line nr="18" mi="0" ci="3" mb="0" cb="0"/><line nr="19" mi="0" ci="3" mb="0" cb="0"/><line nr="20" mi="0" ci="1" mb="0" cb="0"/><counter type="INSTRUCTION" missed="25" covered="40"/><counter type="LINE" missed="1" covered="7"/><counter type="COMPLEXITY" missed="3" covered="8"/><counter type="METHOD" missed="3" covered="8"/><counter type="CLASS" missed="0" covered="2"/></sourcefile><sourcefile name="NearbyAttractionDto.java"><line nr="8" mi="16" ci="0" mb="0" cb="0"/><line nr="9" mi="27" ci="39" mb="0" cb="0"/><line nr="12" mi="3" ci="0" mb="0" cb="0"/><line nr="13" mi="3" ci="0" mb="0" cb="0"/><line nr="14" mi="3" ci="0" mb="0" cb="0"/><line nr="15" mi="3" ci="0" mb="0" cb="0"/><line nr="17" mi="0" ci="2" mb="0" cb="0"/><line nr="18" mi="0" ci="3" mb="0" cb="0"/><line nr="19" mi="0" ci="3" mb="0" cb="0"/><line nr="20" mi="0" ci="3" mb="0" cb="0"/><line nr="21" mi="0" ci="3" mb="0" cb="0"/><line nr="22" mi="0" ci="1" mb="0" cb="0"/><counter type="INSTRUCTION" missed="55" covered="54"/><counter type="LINE" missed="5" covered="7"/><counter type="COMPLEXITY" missed="9" covered="8"/><counter type="METHOD" missed="9" covered="8"/><counter type="CLASS" missed="0" covered="2"/></sourcefile><counter type="INSTRUCTION" missed="80" covered="94"/><counter type="LINE" missed="6" covered="14"/><counter type="COMPLEXITY" missed="12" covered="16"/><counter type="METHOD" missed="12" covered="16"/><counter type="CLASS" missed="0" covered="4"/></package><package name="tourGuide/beans"><class name="tourGuide/beans/VisitedLocationBean" sourcefilename="VisitedLocationBean.java"><method name="&lt;init&gt;" desc="(Ljava/util/UUID;LtourGuide/beans/LocationBean;Ljava/util/Date;)V" line="16"><counter type="INSTRUCTION" missed="0" covered="12"/><counter type="LINE" missed="0" covered="5"/><counter type="COMPLEXITY" missed="0" covered="1"/><counter type="METHOD" missed="0" covered="1"/></method><method name="getUserId" desc="()Ljava/util/UUID;" line="12"><counter type="INSTRUCTION" missed="3" covered="0"/><counter type="LINE" missed="1" covered="0"/><counter type="COMPLEXITY" missed="1" covered="0"/><counter type="METHOD" missed="1" covered="0"/></method><method name="getLocationBean" desc="()LtourGuide/beans/LocationBean;" line="13"><counter type="INSTRUCTION" missed="0" covered="3"/><counter type="LINE" missed="0" covered="1"/><counter type="COMPLEXITY" missed="0" covered="1"/><counter type="METHOD" missed="0" covered="1"/></method><method name="getTimeVisited" desc="()Ljava/util/Date;" line="14"><counter type="INSTRUCTION" missed="3" covered="0"/><counter type="LINE" missed="1" covered="0"/><counter type="COMPLEXITY" missed="1" covered="0"/><counter type="METHOD" missed="1" covered="0"/></method><counter type="INSTRUCTION" missed="6" covered="15"/><counter type="LINE" missed="2" covered="6"/><counter type="COMPLEXITY" missed="2" covered="2"/><counter type="METHOD" missed="2" covered="2"/><counter type="CLASS" missed="0" covered="1"/></class><class name="tourGuide/beans/LocationBean" sourcefilename="LocationBean.java"><method name="&lt;init&gt;" desc="(DD)V" line="13"><counter type="INSTRUCTION" missed="0" covered="9"/><counter type="LINE" missed="0" covered="4"/><counter type="COMPLEXITY" missed="0" covered="1"/><counter type="METHOD" missed="0" covered="1"/></method><method name="getLongitude" desc="()D" line="10"><counter type="INSTRUCTION" missed="0" covered="3"/><counter type="LINE" missed="0" covered="1"/><counter type="COMPLEXITY" missed="0" covered="1"/><counter type="METHOD" missed="0" covered="1"/></method><method name="getLatitude" desc="()D" line="11"><counter type="INSTRUCTION" missed="0" covered="3"/><counter type="LINE" missed="0" covered="1"/><counter type="COMPLEXITY" missed="0" covered="1"/><counter type="METHOD" missed="0" covered="1"/></method><counter type="INSTRUCTION" missed="0" covered="15"/><counter type="LINE" missed="0" covered="6"/><counter type="COMPLEXITY" missed="0" covered="3"/><counter type="METHOD" missed="0" covered="3"/><counter type="CLASS" missed="0" covered="1"/></class><class name="tourGuide/beans/AttractionBean" sourcefilename="AttractionBean.java"><method name="&lt;init&gt;" desc="(Ljava/lang/String;Ljava/lang/String;Ljava/lang/String;DD)V" line="17"><counter type="INSTRUCTION" missed="0" covered="17"/><counter type="LINE" missed="0" covered="6"/><counter type="COMPLEXITY" missed="0" covered="1"/><counter type="METHOD" missed="0" covered="1"/></method><method name="getAttractionName" desc="()Ljava/lang/String;" line="11"><counter type="INSTRUCTION" missed="0" covered="3"/><counter type="LINE" missed="0" covered="1"/><counter type="COMPLEXITY" missed="0" covered="1"/><counter type="METHOD" missed="0" covered="1"/></method><method name="getCity" desc="()Ljava/lang/String;" line="12"><counter type="INSTRUCTION" missed="3" covered="0"/><counter type="LINE" missed="1" covered="0"/><counter type="COMPLEXITY" missed="1" covered="0"/><counter type="METHOD" missed="1" covered="0"/></method><method name="getState" desc="()Ljava/lang/String;" line="13"><counter type="INSTRUCTION" missed="3" covered="0"/><counter type="LINE" missed="1" covered="0"/><counter type="COMPLEXITY" missed="1" covered="0"/><counter type="METHOD" missed="1" covered="0"/></method><method name="getAttractionId" desc="()Ljava/util/UUID;" line="14"><counter type="INSTRUCTION" missed="3" covered="0"/><counter type="LINE" missed="1" covered="0"/><counter type="COMPLEXITY" missed="1" covered="0"/><counter type="METHOD" missed="1" covered="0"/></method><counter type="INSTRUCTION" missed="9" covered="20"/><counter type="LINE" missed="3" covered="7"/><counter type="COMPLEXITY" missed="3" covered="2"/><counter type="METHOD" missed="3" covered="2"/><counter type="CLASS" missed="0" covered="1"/></class><sourcefile name="LocationBean.java"><line nr="10" mi="0" ci="3" mb="0" cb="0"/><line nr="11" mi="0" ci="3" mb="0" cb="0"/><line nr="13" mi="0" ci="2" mb="0" cb="0"/><line nr="14" mi="0" ci="3" mb="0" cb="0"/><line nr="15" mi="0" ci="3" mb="0" cb="0"/><line nr="16" mi="0" ci="1" mb="0" cb="0"/><counter type="INSTRUCTION" missed="0" covered="15"/><counter type="LINE" missed="0" covered="6"/><counter type="COMPLEXITY" missed="0" covered="3"/><counter type="METHOD" missed="0" covered="3"/><counter type="CLASS" missed="0" covered="1"/></sourcefile><sourcefile name="AttractionBean.java"><line nr="11" mi="0" ci="3" mb="0" cb="0"/><line nr="12" mi="3" ci="0" mb="0" cb="0"/><line nr="13" mi="3" ci="0" mb="0" cb="0"/><line nr="14" mi="3" ci="0" mb="0" cb="0"/><line nr="17" mi="0" ci="4" mb="0" cb="0"/><line nr="18" mi="0" ci="3" mb="0" cb="0"/><line nr="19" mi="0" ci="3" mb="0" cb="0"/><line nr="20" mi="0" ci="3" mb="0" cb="0"/><line nr="21" mi="0" ci="3" mb="0" cb="0"/><line nr="22" mi="0" ci="1" mb="0" cb="0"/><counter type="INSTRUCTION" missed="9" covered="20"/><counter type="LINE" missed="3" covered="7"/><counter type="COMPLEXITY" missed="3" covered="2"/><counter type="METHOD" missed="3" covered="2"/><counter type="CLASS" missed="0" covered="1"/></sourcefile><sourcefile name="VisitedLocationBean.java"><line nr="12" mi="3" ci="0" mb="0" cb="0"/><line nr="13" mi="0" ci="3" mb="0" cb="0"/><line nr="14" mi="3" ci="0" mb="0" cb="0"/><line nr="16" mi="0" ci="2" mb="0" cb="0"/><line nr="17" mi="0" ci="3" mb="0" cb="0"/><line nr="18" mi="0" ci="3" mb="0" cb="0"/><line nr="19" mi="0" ci="3" mb="0" cb="0"/><line nr="20" mi="0" ci="1" mb="0" cb="0"/><counter type="INSTRUCTION" missed="6" covered="15"/><counter type="LINE" missed="2" covered="6"/><counter type="COMPLEXITY" missed="2" covered="2"/><counter type="METHOD" missed="2" covered="2"/><counter type="CLASS" missed="0" covered="1"/></sourcefile><counter type="INSTRUCTION" missed="15" covered="50"/><counter type="LINE" missed="5" covered="19"/><counter type="COMPLEXITY" missed="5" covered="7"/><counter type="METHOD" missed="5" covered="7"/><counter type="CLASS" missed="0" covered="3"/></package><counter type="INSTRUCTION" missed="270" covered="1038"/><counter type="BRANCH" missed="7" covered="25"/><counter type="LINE" missed="70" covered="229"/><counter type="COMPLEXITY" missed="58" covered="89"/><counter type="METHOD" missed="52" covered="79"/><counter type="CLASS" missed="0" covered="16"/></report>